[ 2016-12-13T11:07:42+08:00 ] 127.0.0.1 /jjyl/admin.php/Check/hpcheck
ERR: 1146:Table 'homecare.h_announcement_info,a' doesn't exist
 [ SQL语句 ] : SHOW COLUMNS FROM `h_announcement_info,a`

[ 2016-12-13T11:19:26+08:00 ] 127.0.0.1 /jjyl/admin.php/Login/check
INFO: [ app_begin ] --START--
INFO: Run Behavior\ReadHtmlCacheBehavior [ RunTime:0.000000s ]
INFO: [ app_begin ] --END-- [ RunTime:0.000000s ]
INFO: [ app_end ] --START--
INFO: Run Behavior\ShowPageTraceBehavior [ RunTime:0.001000s ]
INFO: [ app_end ] --END-- [ RunTime:0.001000s ]

[ 2016-12-13T11:19:39+08:00 ] 127.0.0.1 /jjyl/admin.php/Login/check
INFO: [ app_begin ] --START--
INFO: Run Behavior\ReadHtmlCacheBehavior [ RunTime:0.001000s ]
INFO: [ app_begin ] --END-- [ RunTime:0.001000s ]
ERR: 1146:Table 'homecare.h_admin_info' doesn't exist
 [ SQL语句 ] : SHOW COLUMNS FROM `h_admin_info`
ERR: 1146:Table 'homecare.h_admin_info' doesn't exist
 [ SQL语句 ] : SHOW COLUMNS FROM `h_admin_info`

[ 2016-12-13T11:19:41+08:00 ] 127.0.0.1 /jjyl/admin.php/Login/check
INFO: [ app_begin ] --START--
INFO: Run Behavior\ReadHtmlCacheBehavior [ RunTime:0.001000s ]
INFO: [ app_begin ] --END-- [ RunTime:0.001000s ]
INFO: [ app_end ] --START--
INFO: Run Behavior\ShowPageTraceBehavior [ RunTime:0.001000s ]
INFO: [ app_end ] --END-- [ RunTime:0.001000s ]

[ 2016-12-13T11:19:50+08:00 ] 127.0.0.1 /jjyl/admin.php/Login/check
INFO: [ app_begin ] --START--
INFO: Run Behavior\ReadHtmlCacheBehavior [ RunTime:0.001000s ]
INFO: [ app_begin ] --END-- [ RunTime:0.001000s ]
INFO: [ app_end ] --START--
INFO: Run Behavior\ShowPageTraceBehavior [ RunTime:0.001000s ]
INFO: [ app_end ] --END-- [ RunTime:0.003000s ]

[ 2016-12-13T11:33:28+08:00 ] 127.0.0.1 /jjyl/admin.php/Login/check
INFO: [ app_begin ] --START--
INFO: Run Behavior\ReadHtmlCacheBehavior [ RunTime:0.001000s ]
INFO: [ app_begin ] --END-- [ RunTime:0.001000s ]
SQL: SHOW COLUMNS FROM `h_admin_info` [ RunTime:0.0060s ]
SQL: SELECT * FROM `h_admin_info` WHERE `admin_name` = 'admin' LIMIT 1   [ RunTime:0.0010s ]
INFO: [ app_end ] --START--
INFO: Run Behavior\ShowPageTraceBehavior [ RunTime:0.001000s ]
INFO: [ app_end ] --END-- [ RunTime:0.001000s ]

[ 2016-12-13T13:48:35+08:00 ] 127.0.0.1 /jjyl/admin.php/HospitalRegister/index
ERR: 无法加载控制器:HospitalRegister

[ 2016-12-13T14:24:03+08:00 ] 127.0.0.1 /jjyl/admin.php/HospitalRegister/index
INFO: [ app_begin ] --START--
INFO: Run Behavior\ReadHtmlCacheBehavior [ RunTime:0.001000s ]
INFO: [ app_begin ] --END-- [ RunTime:0.001000s ]
INFO: [ view_parse ] --START--
INFO: [ template_filter ] --START--
INFO: Run Behavior\ContentReplaceBehavior [ RunTime:0.004000s ]
INFO: [ template_filter ] --END-- [ RunTime:0.004000s ]
INFO: Run Behavior\ParseTemplateBehavior [ RunTime:0.014000s ]
INFO: [ view_parse ] --END-- [ RunTime:0.014000s ]
INFO: [ view_filter ] --START--
INFO: Run Behavior\WriteHtmlCacheBehavior [ RunTime:0.001000s ]
INFO: [ view_filter ] --END-- [ RunTime:0.001000s ]
INFO: [ app_end ] --START--
INFO: Run Behavior\ShowPageTraceBehavior [ RunTime:0.001001s ]
INFO: [ app_end ] --END-- [ RunTime:0.001001s ]

[ 2016-12-13T14:24:12+08:00 ] 127.0.0.1 /jjyl/admin.php/HospitalRegister/index
INFO: [ app_begin ] --START--
INFO: Run Behavior\ReadHtmlCacheBehavior [ RunTime:0.000000s ]
INFO: [ app_begin ] --END-- [ RunTime:0.000000s ]
INFO: [ view_parse ] --START--
INFO: [ template_filter ] --START--
INFO: Run Behavior\ContentReplaceBehavior [ RunTime:0.000000s ]
INFO: [ template_filter ] --END-- [ RunTime:0.000000s ]
INFO: Run Behavior\ParseTemplateBehavior [ RunTime:0.021001s ]
INFO: [ view_parse ] --END-- [ RunTime:0.021001s ]
INFO: [ view_filter ] --START--
INFO: Run Behavior\WriteHtmlCacheBehavior [ RunTime:0.000000s ]
INFO: [ view_filter ] --END-- [ RunTime:0.000000s ]
INFO: [ app_end ] --START--
INFO: Run Behavior\ShowPageTraceBehavior [ RunTime:0.001000s ]
INFO: [ app_end ] --END-- [ RunTime:0.001000s ]

[ 2016-12-13T14:25:42+08:00 ] 127.0.0.1 /jjyl/admin.php/HospitalRegister/index
INFO: [ app_begin ] --START--
INFO: Run Behavior\ReadHtmlCacheBehavior [ RunTime:0.001000s ]
INFO: [ app_begin ] --END-- [ RunTime:0.001000s ]
INFO: [ view_parse ] --START--
INFO: [ template_filter ] --START--
INFO: Run Behavior\ContentReplaceBehavior [ RunTime:0.000000s ]
INFO: [ template_filter ] --END-- [ RunTime:0.000000s ]
INFO: Run Behavior\ParseTemplateBehavior [ RunTime:0.128007s ]
INFO: [ view_parse ] --END-- [ RunTime:0.128007s ]
INFO: [ view_filter ] --START--
INFO: Run Behavior\WriteHtmlCacheBehavior [ RunTime:0.001000s ]
INFO: [ view_filter ] --END-- [ RunTime:0.001000s ]
INFO: [ app_end ] --START--
INFO: Run Behavior\ShowPageTraceBehavior [ RunTime:0.001000s ]
INFO: [ app_end ] --END-- [ RunTime:0.001000s ]

[ 2016-12-13T14:28:24+08:00 ] 127.0.0.1 /jjyl/admin.php/HospitalRegister/index
INFO: [ app_begin ] --START--
INFO: Run Behavior\ReadHtmlCacheBehavior [ RunTime:0.001000s ]
INFO: [ app_begin ] --END-- [ RunTime:0.001000s ]
INFO: [ view_parse ] --START--
INFO: [ template_filter ] --START--
INFO: Run Behavior\ContentReplaceBehavior [ RunTime:0.000000s ]
INFO: [ template_filter ] --END-- [ RunTime:0.000000s ]
INFO: Run Behavior\ParseTemplateBehavior [ RunTime:0.012000s ]
INFO: [ view_parse ] --END-- [ RunTime:0.012000s ]
INFO: [ view_filter ] --START--
INFO: Run Behavior\WriteHtmlCacheBehavior [ RunTime:0.001000s ]
INFO: [ view_filter ] --END-- [ RunTime:0.001000s ]
INFO: [ app_end ] --START--
INFO: Run Behavior\ShowPageTraceBehavior [ RunTime:0.001000s ]
INFO: [ app_end ] --END-- [ RunTime:0.001000s ]

[ 2016-12-13T14:28:46+08:00 ] 127.0.0.1 /jjyl/admin.php/HospitalRegister/index
INFO: [ app_begin ] --START--
INFO: Run Behavior\ReadHtmlCacheBehavior [ RunTime:0.001000s ]
INFO: [ app_begin ] --END-- [ RunTime:0.001000s ]
INFO: [ view_parse ] --START--
INFO: [ template_filter ] --START--
INFO: Run Behavior\ContentReplaceBehavior [ RunTime:0.000000s ]
INFO: [ template_filter ] --END-- [ RunTime:0.000000s ]
INFO: Run Behavior\ParseTemplateBehavior [ RunTime:0.012001s ]
INFO: [ view_parse ] --END-- [ RunTime:0.012001s ]
INFO: [ view_filter ] --START--
INFO: Run Behavior\WriteHtmlCacheBehavior [ RunTime:0.001000s ]
INFO: [ view_filter ] --END-- [ RunTime:0.001000s ]
INFO: [ app_end ] --START--
INFO: Run Behavior\ShowPageTraceBehavior [ RunTime:0.001000s ]
INFO: [ app_end ] --END-- [ RunTime:0.001000s ]

[ 2016-12-13T14:28:47+08:00 ] 127.0.0.1 /jjyl/admin.php/HospitalRegister/index
INFO: [ app_begin ] --START--
INFO: Run Behavior\ReadHtmlCacheBehavior [ RunTime:0.000000s ]
INFO: [ app_begin ] --END-- [ RunTime:0.000000s ]
INFO: [ view_parse ] --START--
INFO: [ template_filter ] --START--
INFO: Run Behavior\ContentReplaceBehavior [ RunTime:0.000000s ]
INFO: [ template_filter ] --END-- [ RunTime:0.000000s ]
INFO: Run Behavior\ParseTemplateBehavior [ RunTime:0.011001s ]
INFO: [ view_parse ] --END-- [ RunTime:0.011001s ]
INFO: [ view_filter ] --START--
INFO: Run Behavior\WriteHtmlCacheBehavior [ RunTime:0.000000s ]
INFO: [ view_filter ] --END-- [ RunTime:0.000000s ]
INFO: [ app_end ] --START--
INFO: Run Behavior\ShowPageTraceBehavior [ RunTime:0.001000s ]
INFO: [ app_end ] --END-- [ RunTime:0.001000s ]

[ 2016-12-13T14:29:52+08:00 ] 127.0.0.1 /jjyl/admin.php/HospitalRegister/index
INFO: [ app_begin ] --START--
INFO: Run Behavior\ReadHtmlCacheBehavior [ RunTime:0.001000s ]
INFO: [ app_begin ] --END-- [ RunTime:0.001000s ]
INFO: [ view_parse ] --START--
INFO: [ template_filter ] --START--
INFO: Run Behavior\ContentReplaceBehavior [ RunTime:0.000000s ]
INFO: [ template_filter ] --END-- [ RunTime:0.000000s ]
INFO: Run Behavior\ParseTemplateBehavior [ RunTime:0.011001s ]
INFO: [ view_parse ] --END-- [ RunTime:0.011001s ]
INFO: [ view_filter ] --START--
INFO: Run Behavior\WriteHtmlCacheBehavior [ RunTime:0.001000s ]
INFO: [ view_filter ] --END-- [ RunTime:0.001000s ]
INFO: [ app_end ] --START--
INFO: Run Behavior\ShowPageTraceBehavior [ RunTime:0.001000s ]
INFO: [ app_end ] --END-- [ RunTime:0.001000s ]

[ 2016-12-13T14:30:18+08:00 ] 127.0.0.1 /jjyl/admin.php/HospitalRegister/index
INFO: [ app_begin ] --START--
INFO: Run Behavior\ReadHtmlCacheBehavior [ RunTime:0.001000s ]
INFO: [ app_begin ] --END-- [ RunTime:0.001000s ]
INFO: [ view_parse ] --START--
INFO: [ template_filter ] --START--
INFO: Run Behavior\ContentReplaceBehavior [ RunTime:0.000000s ]
INFO: [ template_filter ] --END-- [ RunTime:0.001000s ]
INFO: Run Behavior\ParseTemplateBehavior [ RunTime:0.052003s ]
INFO: [ view_parse ] --END-- [ RunTime:0.052003s ]
INFO: [ view_filter ] --START--
INFO: Run Behavior\WriteHtmlCacheBehavior [ RunTime:0.000000s ]
INFO: [ view_filter ] --END-- [ RunTime:0.000000s ]
INFO: [ app_end ] --START--
INFO: Run Behavior\ShowPageTraceBehavior [ RunTime:0.001000s ]
INFO: [ app_end ] --END-- [ RunTime:0.001000s ]

[ 2016-12-13T14:32:13+08:00 ] 127.0.0.1 /jjyl/admin.php/HospitalRegister/index
INFO: [ app_begin ] --START--
INFO: Run Behavior\ReadHtmlCacheBehavior [ RunTime:0.001000s ]
INFO: [ app_begin ] --END-- [ RunTime:0.001000s ]
INFO: [ view_parse ] --START--
INFO: [ template_filter ] --START--
INFO: Run Behavior\ContentReplaceBehavior [ RunTime:0.000000s ]
INFO: [ template_filter ] --END-- [ RunTime:0.000000s ]
INFO: Run Behavior\ParseTemplateBehavior [ RunTime:0.015001s ]
INFO: [ view_parse ] --END-- [ RunTime:0.016001s ]
INFO: [ view_filter ] --START--
INFO: Run Behavior\WriteHtmlCacheBehavior [ RunTime:0.001000s ]
INFO: [ view_filter ] --END-- [ RunTime:0.001000s ]
INFO: [ app_end ] --START--
INFO: Run Behavior\ShowPageTraceBehavior [ RunTime:0.001000s ]
INFO: [ app_end ] --END-- [ RunTime:0.001000s ]

[ 2016-12-13T14:33:03+08:00 ] 127.0.0.1 /jjyl/admin.php/HospitalRegister/index
INFO: [ app_begin ] --START--
INFO: Run Behavior\ReadHtmlCacheBehavior [ RunTime:0.001000s ]
INFO: [ app_begin ] --END-- [ RunTime:0.001000s ]
INFO: [ view_parse ] --START--
INFO: [ template_filter ] --START--
INFO: Run Behavior\ContentReplaceBehavior [ RunTime:0.000000s ]
INFO: [ template_filter ] --END-- [ RunTime:0.000000s ]
INFO: Run Behavior\ParseTemplateBehavior [ RunTime:0.011001s ]
INFO: [ view_parse ] --END-- [ RunTime:0.011001s ]
INFO: [ view_filter ] --START--
INFO: Run Behavior\WriteHtmlCacheBehavior [ RunTime:0.001000s ]
INFO: [ view_filter ] --END-- [ RunTime:0.001000s ]
INFO: [ app_end ] --START--
INFO: Run Behavior\ShowPageTraceBehavior [ RunTime:0.001000s ]
INFO: [ app_end ] --END-- [ RunTime:0.001000s ]

[ 2016-12-13T14:34:05+08:00 ] 127.0.0.1 /jjyl/admin.php/HospitalRegister/index
INFO: [ app_begin ] --START--
INFO: Run Behavior\ReadHtmlCacheBehavior [ RunTime:0.000000s ]
INFO: [ app_begin ] --END-- [ RunTime:0.000000s ]
INFO: [ view_parse ] --START--
INFO: [ template_filter ] --START--
INFO: Run Behavior\ContentReplaceBehavior [ RunTime:0.000000s ]
INFO: [ template_filter ] --END-- [ RunTime:0.000000s ]
INFO: Run Behavior\ParseTemplateBehavior [ RunTime:0.016001s ]
INFO: [ view_parse ] --END-- [ RunTime:0.016001s ]
INFO: [ view_filter ] --START--
INFO: Run Behavior\WriteHtmlCacheBehavior [ RunTime:0.002000s ]
INFO: [ view_filter ] --END-- [ RunTime:0.002000s ]
INFO: [ app_end ] --START--
INFO: Run Behavior\ShowPageTraceBehavior [ RunTime:0.001000s ]
INFO: [ app_end ] --END-- [ RunTime:0.001000s ]

[ 2016-12-13T14:34:35+08:00 ] 127.0.0.1 /jjyl/admin.php/HospitalRegister/index
INFO: [ app_begin ] --START--
INFO: Run Behavior\ReadHtmlCacheBehavior [ RunTime:0.001000s ]
INFO: [ app_begin ] --END-- [ RunTime:0.001000s ]
INFO: [ view_parse ] --START--
INFO: [ template_filter ] --START--
INFO: Run Behavior\ContentReplaceBehavior [ RunTime:0.000000s ]
INFO: [ template_filter ] --END-- [ RunTime:0.000000s ]
INFO: Run Behavior\ParseTemplateBehavior [ RunTime:0.010001s ]
INFO: [ view_parse ] --END-- [ RunTime:0.010001s ]
INFO: [ view_filter ] --START--
INFO: Run Behavior\WriteHtmlCacheBehavior [ RunTime:0.000000s ]
INFO: [ view_filter ] --END-- [ RunTime:0.000000s ]
INFO: [ app_end ] --START--
INFO: Run Behavior\ShowPageTraceBehavior [ RunTime:0.001000s ]
INFO: [ app_end ] --END-- [ RunTime:0.001000s ]

[ 2016-12-13T14:34:36+08:00 ] 127.0.0.1 /jjyl/admin.php/HospitalRegister/index
INFO: [ app_begin ] --START--
INFO: Run Behavior\ReadHtmlCacheBehavior [ RunTime:0.001000s ]
INFO: [ app_begin ] --END-- [ RunTime:0.001000s ]
INFO: [ view_parse ] --START--
INFO: [ template_filter ] --START--
INFO: Run Behavior\ContentReplaceBehavior [ RunTime:0.000000s ]
INFO: [ template_filter ] --END-- [ RunTime:0.001000s ]
INFO: Run Behavior\ParseTemplateBehavior [ RunTime:0.011001s ]
INFO: [ view_parse ] --END-- [ RunTime:0.011001s ]
INFO: [ view_filter ] --START--
INFO: Run Behavior\WriteHtmlCacheBehavior [ RunTime:0.001000s ]
INFO: [ view_filter ] --END-- [ RunTime:0.001000s ]
INFO: [ app_end ] --START--
INFO: Run Behavior\ShowPageTraceBehavior [ RunTime:0.001000s ]
INFO: [ app_end ] --END-- [ RunTime:0.001000s ]

[ 2016-12-13T14:34:38+08:00 ] 127.0.0.1 /jjyl/admin.php/HospitalRegister/index
INFO: [ app_begin ] --START--
INFO: Run Behavior\ReadHtmlCacheBehavior [ RunTime:0.001000s ]
INFO: [ app_begin ] --END-- [ RunTime:0.001000s ]
INFO: [ view_parse ] --START--
INFO: [ template_filter ] --START--
INFO: Run Behavior\ContentReplaceBehavior [ RunTime:0.000000s ]
INFO: [ template_filter ] --END-- [ RunTime:0.000000s ]
INFO: Run Behavior\ParseTemplateBehavior [ RunTime:0.011000s ]
INFO: [ view_parse ] --END-- [ RunTime:0.012000s ]
INFO: [ view_filter ] --START--
INFO: Run Behavior\WriteHtmlCacheBehavior [ RunTime:0.000000s ]
INFO: [ view_filter ] --END-- [ RunTime:0.001000s ]
INFO: [ app_end ] --START--
INFO: Run Behavior\ShowPageTraceBehavior [ RunTime:0.001000s ]
INFO: [ app_end ] --END-- [ RunTime:0.001000s ]

[ 2016-12-13T14:35:05+08:00 ] 127.0.0.1 /jjyl/admin.php/HospitalRegister/index
INFO: [ app_begin ] --START--
INFO: Run Behavior\ReadHtmlCacheBehavior [ RunTime:0.001000s ]
INFO: [ app_begin ] --END-- [ RunTime:0.001000s ]
INFO: [ view_parse ] --START--
INFO: [ template_filter ] --START--
INFO: Run Behavior\ContentReplaceBehavior [ RunTime:0.005001s ]
INFO: [ template_filter ] --END-- [ RunTime:0.005001s ]
INFO: Run Behavior\ParseTemplateBehavior [ RunTime:0.016001s ]
INFO: [ view_parse ] --END-- [ RunTime:0.016001s ]
INFO: [ view_filter ] --START--
INFO: Run Behavior\WriteHtmlCacheBehavior [ RunTime:0.000000s ]
INFO: [ view_filter ] --END-- [ RunTime:0.000000s ]
INFO: [ app_end ] --START--
INFO: Run Behavior\ShowPageTraceBehavior [ RunTime:0.001000s ]
INFO: [ app_end ] --END-- [ RunTime:0.001000s ]

[ 2016-12-13T14:36:40+08:00 ] 127.0.0.1 /jjyl/admin.php/HospitalRegister/index
INFO: [ app_begin ] --START--
INFO: Run Behavior\ReadHtmlCacheBehavior [ RunTime:0.001000s ]
INFO: [ app_begin ] --END-- [ RunTime:0.001000s ]

[ 2016-12-13T14:37:16+08:00 ] 127.0.0.1 /jjyl/admin.php/HospitalRegister/index
INFO: [ app_begin ] --START--
INFO: Run Behavior\ReadHtmlCacheBehavior [ RunTime:0.001000s ]
INFO: [ app_begin ] --END-- [ RunTime:0.001000s ]

[ 2016-12-13T14:44:00+08:00 ] 127.0.0.1 /jjyl/admin.php/HospitalRegister/index
INFO: [ app_begin ] --START--
INFO: Run Behavior\ReadHtmlCacheBehavior [ RunTime:0.001000s ]
INFO: [ app_begin ] --END-- [ RunTime:0.002000s ]

[ 2016-12-13T14:50:50+08:00 ] 127.0.0.1 /jjyl/admin.php/HospitalRegister/index
INFO: [ app_begin ] --START--
INFO: Run Behavior\ReadHtmlCacheBehavior [ RunTime:0.001000s ]
INFO: [ app_begin ] --END-- [ RunTime:0.001000s ]
SQL: SHOW COLUMNS FROM `h_hospital_account_info` [ RunTime:0.0040s ]
NOTIC: [8] Undefined index: validate E:\xampp\htdocs\jjyl\ThinkPHP\Library\Think\Model.class.php 第 1185 行.
NOTIC: [8] Undefined index: auto E:\xampp\htdocs\jjyl\ThinkPHP\Library\Think\Model.class.php 第 1128 行.

[ 2016-12-13T14:51:16+08:00 ] 127.0.0.1 /jjyl/admin.php/HospitalRegister/index
INFO: [ app_begin ] --START--
INFO: Run Behavior\ReadHtmlCacheBehavior [ RunTime:0.001000s ]
INFO: [ app_begin ] --END-- [ RunTime:0.001000s ]
SQL: SHOW COLUMNS FROM `h_hospital_account_info` [ RunTime:0.0090s ]
NOTIC: [8] Undefined index: validate E:\xampp\htdocs\jjyl\ThinkPHP\Library\Think\Model.class.php 第 1185 行.
NOTIC: [8] Undefined index: auto E:\xampp\htdocs\jjyl\ThinkPHP\Library\Think\Model.class.php 第 1128 行.

[ 2016-12-13T14:51:25+08:00 ] 127.0.0.1 /jjyl/admin.php/HospitalRegister/index
INFO: [ app_begin ] --START--
INFO: Run Behavior\ReadHtmlCacheBehavior [ RunTime:0.000000s ]
INFO: [ app_begin ] --END-- [ RunTime:0.001000s ]
SQL: SHOW COLUMNS FROM `h_hospital_account_info` [ RunTime:0.0050s ]
NOTIC: [8] Undefined index: validate E:\xampp\htdocs\jjyl\ThinkPHP\Library\Think\Model.class.php 第 1185 行.
NOTIC: [8] Undefined index: auto E:\xampp\htdocs\jjyl\ThinkPHP\Library\Think\Model.class.php 第 1128 行.

[ 2016-12-13T14:56:30+08:00 ] 127.0.0.1 /jjyl/admin.php/HospitalRegister/index
INFO: [ app_begin ] --START--
INFO: Run Behavior\ReadHtmlCacheBehavior [ RunTime:0.001000s ]
INFO: [ app_begin ] --END-- [ RunTime:0.001000s ]
SQL: SHOW COLUMNS FROM `h_hospital_account_info` [ RunTime:0.0050s ]
NOTIC: [8] Undefined index: validate E:\xampp\htdocs\jjyl\ThinkPHP\Library\Think\Model.class.php 第 1185 行.
NOTIC: [8] Undefined index: auto E:\xampp\htdocs\jjyl\ThinkPHP\Library\Think\Model.class.php 第 1128 行.
SQL: SHOW COLUMNS FROM `h_community_hospitals_info` [ RunTime:0.0040s ]
NOTIC: [8] Undefined index: validate E:\xampp\htdocs\jjyl\ThinkPHP\Library\Think\Model.class.php 第 1185 行.
NOTIC: [8] Undefined index: auto E:\xampp\htdocs\jjyl\ThinkPHP\Library\Think\Model.class.php 第 1128 行.
ERR: 1146:Table 'homecare.h_menu' doesn't exist
 [ SQL语句 ] : SHOW COLUMNS FROM `h_menu`
ERR: 1146:Table 'homecare.h_menu' doesn't exist
 [ SQL语句 ] : SHOW COLUMNS FROM `h_menu`

[ 2016-12-13T14:58:25+08:00 ] 127.0.0.1 /jjyl/admin.php/HospitalRegister/index
INFO: [ app_begin ] --START--
INFO: Run Behavior\ReadHtmlCacheBehavior [ RunTime:0.001000s ]
INFO: [ app_begin ] --END-- [ RunTime:0.001000s ]
SQL: SHOW COLUMNS FROM `h_hospital_account_info` [ RunTime:0.0040s ]
NOTIC: [8] Undefined index: validate E:\xampp\htdocs\jjyl\ThinkPHP\Library\Think\Model.class.php 第 1185 行.
NOTIC: [8] Undefined index: auto E:\xampp\htdocs\jjyl\ThinkPHP\Library\Think\Model.class.php 第 1128 行.
SQL: SHOW COLUMNS FROM `h_community_hospitals_info` [ RunTime:0.0130s ]
NOTIC: [8] Undefined index: validate E:\xampp\htdocs\jjyl\ThinkPHP\Library\Think\Model.class.php 第 1185 行.
NOTIC: [8] Undefined index: auto E:\xampp\htdocs\jjyl\ThinkPHP\Library\Think\Model.class.php 第 1128 行.
INFO: [ view_parse ] --START--
INFO: [ template_filter ] --START--
INFO: Run Behavior\ContentReplaceBehavior [ RunTime:0.001000s ]
INFO: [ template_filter ] --END-- [ RunTime:0.001000s ]
INFO: Run Behavior\ParseTemplateBehavior [ RunTime:0.026001s ]
INFO: [ view_parse ] --END-- [ RunTime:0.026001s ]
INFO: [ view_filter ] --START--
INFO: Run Behavior\WriteHtmlCacheBehavior [ RunTime:0.001000s ]
INFO: [ view_filter ] --END-- [ RunTime:0.001000s ]
INFO: [ app_end ] --START--
INFO: Run Behavior\ShowPageTraceBehavior [ RunTime:0.001001s ]
INFO: [ app_end ] --END-- [ RunTime:0.001001s ]

[ 2016-12-13T15:00:23+08:00 ] 127.0.0.1 /jjyl/admin.php/HospitalRegister/index
INFO: [ app_begin ] --START--
INFO: Run Behavior\ReadHtmlCacheBehavior [ RunTime:0.000000s ]
INFO: [ app_begin ] --END-- [ RunTime:0.001000s ]
SQL: SHOW COLUMNS FROM `h_hospital_account_info` [ RunTime:0.0040s ]
NOTIC: [8] Undefined index: validate E:\xampp\htdocs\jjyl\ThinkPHP\Library\Think\Model.class.php 第 1185 行.
NOTIC: [8] Undefined index: auto E:\xampp\htdocs\jjyl\ThinkPHP\Library\Think\Model.class.php 第 1128 行.
SQL: SHOW COLUMNS FROM `h_community_hospitals_info` [ RunTime:0.0030s ]
NOTIC: [8] Undefined index: validate E:\xampp\htdocs\jjyl\ThinkPHP\Library\Think\Model.class.php 第 1185 行.
NOTIC: [8] Undefined index: auto E:\xampp\htdocs\jjyl\ThinkPHP\Library\Think\Model.class.php 第 1128 行.
INFO: [ view_parse ] --START--
INFO: [ template_filter ] --START--
INFO: Run Behavior\ContentReplaceBehavior [ RunTime:0.001000s ]
INFO: [ template_filter ] --END-- [ RunTime:0.001000s ]
INFO: Run Behavior\ParseTemplateBehavior [ RunTime:0.012000s ]
INFO: [ view_parse ] --END-- [ RunTime:0.012000s ]
INFO: [ view_filter ] --START--
INFO: Run Behavior\WriteHtmlCacheBehavior [ RunTime:0.000000s ]
INFO: [ view_filter ] --END-- [ RunTime:0.000000s ]
INFO: [ app_end ] --START--
INFO: Run Behavior\ShowPageTraceBehavior [ RunTime:0.001001s ]
INFO: [ app_end ] --END-- [ RunTime:0.001001s ]

[ 2016-12-13T15:01:06+08:00 ] 127.0.0.1 /jjyl/admin.php/HospitalRegister/index
INFO: [ app_begin ] --START--
INFO: Run Behavior\ReadHtmlCacheBehavior [ RunTime:0.001000s ]
INFO: [ app_begin ] --END-- [ RunTime:0.001000s ]
SQL: SHOW COLUMNS FROM `h_hospital_account_info` [ RunTime:0.0040s ]
NOTIC: [8] Undefined index: validate E:\xampp\htdocs\jjyl\ThinkPHP\Library\Think\Model.class.php 第 1185 行.
NOTIC: [8] Undefined index: auto E:\xampp\htdocs\jjyl\ThinkPHP\Library\Think\Model.class.php 第 1128 行.
SQL: SHOW COLUMNS FROM `h_community_hospitals_info` [ RunTime:0.0040s ]
NOTIC: [8] Undefined index: validate E:\xampp\htdocs\jjyl\ThinkPHP\Library\Think\Model.class.php 第 1185 行.
NOTIC: [8] Undefined index: auto E:\xampp\htdocs\jjyl\ThinkPHP\Library\Think\Model.class.php 第 1128 行.
INFO: [ view_parse ] --START--
INFO: [ template_filter ] --START--
INFO: Run Behavior\ContentReplaceBehavior [ RunTime:0.001000s ]
INFO: [ template_filter ] --END-- [ RunTime:0.001000s ]
INFO: Run Behavior\ParseTemplateBehavior [ RunTime:0.011000s ]
INFO: [ view_parse ] --END-- [ RunTime:0.011000s ]
INFO: [ view_filter ] --START--
INFO: Run Behavior\WriteHtmlCacheBehavior [ RunTime:0.001000s ]
INFO: [ view_filter ] --END-- [ RunTime:0.001000s ]
INFO: [ app_end ] --START--
INFO: Run Behavior\ShowPageTraceBehavior [ RunTime:0.000000s ]
INFO: [ app_end ] --END-- [ RunTime:0.000000s ]

[ 2016-12-13T15:01:31+08:00 ] 127.0.0.1 /jjyl/admin.php/HospitalRegister/index
INFO: [ app_begin ] --START--
INFO: Run Behavior\ReadHtmlCacheBehavior [ RunTime:0.001000s ]
INFO: [ app_begin ] --END-- [ RunTime:0.001000s ]
SQL: SHOW COLUMNS FROM `h_hospital_account_info` [ RunTime:0.0340s ]
NOTIC: [8] Undefined index: validate E:\xampp\htdocs\jjyl\ThinkPHP\Library\Think\Model.class.php 第 1185 行.
NOTIC: [8] Undefined index: auto E:\xampp\htdocs\jjyl\ThinkPHP\Library\Think\Model.class.php 第 1128 行.
SQL: SHOW COLUMNS FROM `h_community_hospitals_info` [ RunTime:0.0050s ]
NOTIC: [8] Undefined index: validate E:\xampp\htdocs\jjyl\ThinkPHP\Library\Think\Model.class.php 第 1185 行.
NOTIC: [8] Undefined index: auto E:\xampp\htdocs\jjyl\ThinkPHP\Library\Think\Model.class.php 第 1128 行.
INFO: [ view_parse ] --START--
INFO: [ template_filter ] --START--
INFO: Run Behavior\ContentReplaceBehavior [ RunTime:0.001000s ]
INFO: [ template_filter ] --END-- [ RunTime:0.001000s ]
INFO: Run Behavior\ParseTemplateBehavior [ RunTime:0.012000s ]
INFO: [ view_parse ] --END-- [ RunTime:0.012000s ]
INFO: [ view_filter ] --START--
INFO: Run Behavior\WriteHtmlCacheBehavior [ RunTime:0.001000s ]
INFO: [ view_filter ] --END-- [ RunTime:0.001000s ]
INFO: [ app_end ] --START--
INFO: Run Behavior\ShowPageTraceBehavior [ RunTime:0.000000s ]
INFO: [ app_end ] --END-- [ RunTime:0.000000s ]

[ 2016-12-13T15:02:59+08:00 ] 127.0.0.1 /jjyl/admin.php/HospitalRegister/index
INFO: [ app_begin ] --START--
INFO: Run Behavior\ReadHtmlCacheBehavior [ RunTime:0.001000s ]
INFO: [ app_begin ] --END-- [ RunTime:0.001000s ]
SQL: SHOW COLUMNS FROM `h_hospital_account_info` [ RunTime:0.0040s ]
NOTIC: [8] Undefined index: validate E:\xampp\htdocs\jjyl\ThinkPHP\Library\Think\Model.class.php 第 1185 行.
NOTIC: [8] Undefined index: auto E:\xampp\htdocs\jjyl\ThinkPHP\Library\Think\Model.class.php 第 1128 行.
SQL: SHOW COLUMNS FROM `h_community_hospitals_info` [ RunTime:0.0040s ]
NOTIC: [8] Undefined index: validate E:\xampp\htdocs\jjyl\ThinkPHP\Library\Think\Model.class.php 第 1185 行.
NOTIC: [8] Undefined index: auto E:\xampp\htdocs\jjyl\ThinkPHP\Library\Think\Model.class.php 第 1128 行.
INFO: [ app_end ] --START--
INFO: Run Behavior\ShowPageTraceBehavior [ RunTime:0.001000s ]
INFO: [ app_end ] --END-- [ RunTime:0.001000s ]

[ 2016-12-13T15:03:57+08:00 ] 127.0.0.1 /jjyl/admin.php/HospitalRegister/index
INFO: [ app_begin ] --START--
INFO: Run Behavior\ReadHtmlCacheBehavior [ RunTime:0.002000s ]
INFO: [ app_begin ] --END-- [ RunTime:0.002000s ]
SQL: SHOW COLUMNS FROM `h_hospital_account_info` [ RunTime:0.0070s ]
NOTIC: [8] Undefined index: validate E:\xampp\htdocs\jjyl\ThinkPHP\Library\Think\Model.class.php 第 1185 行.
NOTIC: [8] Undefined index: auto E:\xampp\htdocs\jjyl\ThinkPHP\Library\Think\Model.class.php 第 1128 行.
SQL: SHOW COLUMNS FROM `h_community_hospitals_info` [ RunTime:0.0060s ]
NOTIC: [8] Undefined index: validate E:\xampp\htdocs\jjyl\ThinkPHP\Library\Think\Model.class.php 第 1185 行.
NOTIC: [8] Undefined index: auto E:\xampp\htdocs\jjyl\ThinkPHP\Library\Think\Model.class.php 第 1128 行.

[ 2016-12-13T15:06:45+08:00 ] 127.0.0.1 /jjyl/admin.php/HospitalRegister/index
INFO: [ app_begin ] --START--
INFO: Run Behavior\ReadHtmlCacheBehavior [ RunTime:0.000000s ]
INFO: [ app_begin ] --END-- [ RunTime:0.000000s ]
SQL: SHOW COLUMNS FROM `h_hospital_account_info` [ RunTime:0.0040s ]
NOTIC: [8] Undefined index: validate E:\xampp\htdocs\jjyl\ThinkPHP\Library\Think\Model.class.php 第 1185 行.
NOTIC: [8] Undefined index: auto E:\xampp\htdocs\jjyl\ThinkPHP\Library\Think\Model.class.php 第 1128 行.
SQL: SHOW COLUMNS FROM `h_community_hospitals_info` [ RunTime:0.0050s ]
NOTIC: [8] Undefined index: validate E:\xampp\htdocs\jjyl\ThinkPHP\Library\Think\Model.class.php 第 1185 行.
NOTIC: [8] Undefined index: auto E:\xampp\htdocs\jjyl\ThinkPHP\Library\Think\Model.class.php 第 1128 行.

[ 2016-12-13T15:09:01+08:00 ] 127.0.0.1 /jjyl/admin.php/HospitalRegister/index
INFO: [ app_begin ] --START--
INFO: Run Behavior\ReadHtmlCacheBehavior [ RunTime:0.001000s ]
INFO: [ app_begin ] --END-- [ RunTime:0.001000s ]
SQL: SHOW COLUMNS FROM `h_hospital_account_info` [ RunTime:0.0060s ]
NOTIC: [8] Undefined index: validate E:\xampp\htdocs\jjyl\ThinkPHP\Library\Think\Model.class.php 第 1185 行.
NOTIC: [8] Undefined index: auto E:\xampp\htdocs\jjyl\ThinkPHP\Library\Think\Model.class.php 第 1128 行.
SQL: SHOW COLUMNS FROM `h_community_hospitals_info` [ RunTime:0.0050s ]
NOTIC: [8] Undefined index: validate E:\xampp\htdocs\jjyl\ThinkPHP\Library\Think\Model.class.php 第 1185 行.
NOTIC: [8] Undefined index: auto E:\xampp\htdocs\jjyl\ThinkPHP\Library\Think\Model.class.php 第 1128 行.

[ 2016-12-13T15:09:48+08:00 ] 127.0.0.1 /jjyl/admin.php/HospitalRegister/index
INFO: [ app_begin ] --START--
INFO: Run Behavior\ReadHtmlCacheBehavior [ RunTime:0.001000s ]
INFO: [ app_begin ] --END-- [ RunTime:0.001000s ]
SQL: SHOW COLUMNS FROM `h_hospital_account_info` [ RunTime:0.0040s ]
NOTIC: [8] Undefined index: validate E:\xampp\htdocs\jjyl\ThinkPHP\Library\Think\Model.class.php 第 1185 行.
NOTIC: [8] Undefined index: auto E:\xampp\htdocs\jjyl\ThinkPHP\Library\Think\Model.class.php 第 1128 行.
SQL: SHOW COLUMNS FROM `h_community_hospitals_info` [ RunTime:0.0050s ]
NOTIC: [8] Undefined index: validate E:\xampp\htdocs\jjyl\ThinkPHP\Library\Think\Model.class.php 第 1185 行.
NOTIC: [8] Undefined index: auto E:\xampp\htdocs\jjyl\ThinkPHP\Library\Think\Model.class.php 第 1128 行.
ERR: Think\Model:insert方法不存在！

[ 2016-12-13T15:14:15+08:00 ] 127.0.0.1 /jjyl/admin.php/HospitalRegister/index
INFO: [ app_begin ] --START--
INFO: Run Behavior\ReadHtmlCacheBehavior [ RunTime:0.001000s ]
INFO: [ app_begin ] --END-- [ RunTime:0.001000s ]
SQL: SHOW COLUMNS FROM `h_hospital_account_info` [ RunTime:0.0070s ]
NOTIC: [8] Undefined index: validate E:\xampp\htdocs\jjyl\ThinkPHP\Library\Think\Model.class.php 第 1185 行.
NOTIC: [8] Undefined index: auto E:\xampp\htdocs\jjyl\ThinkPHP\Library\Think\Model.class.php 第 1128 行.
SQL: SHOW COLUMNS FROM `h_community_hospitals_info` [ RunTime:0.0040s ]
NOTIC: [8] Undefined index: validate E:\xampp\htdocs\jjyl\ThinkPHP\Library\Think\Model.class.php 第 1185 行.
NOTIC: [8] Undefined index: auto E:\xampp\htdocs\jjyl\ThinkPHP\Library\Think\Model.class.php 第 1128 行.
ERR: Think\Model:insert方法不存在！

[ 2016-12-13T15:19:36+08:00 ] 127.0.0.1 /jjyl/admin.php/HospitalRegister/index
INFO: [ app_begin ] --START--
INFO: Run Behavior\ReadHtmlCacheBehavior [ RunTime:0.001000s ]
INFO: [ app_begin ] --END-- [ RunTime:0.001000s ]
SQL: SHOW COLUMNS FROM `h_hospital_account_info` [ RunTime:0.0050s ]
NOTIC: [8] Undefined index: validate E:\xampp\htdocs\jjyl\ThinkPHP\Library\Think\Model.class.php 第 1185 行.
NOTIC: [8] Undefined index: auto E:\xampp\htdocs\jjyl\ThinkPHP\Library\Think\Model.class.php 第 1128 行.
SQL: SHOW COLUMNS FROM `h_community_hospitals_info` [ RunTime:0.0050s ]
NOTIC: [8] Undefined index: validate E:\xampp\htdocs\jjyl\ThinkPHP\Library\Think\Model.class.php 第 1185 行.
NOTIC: [8] Undefined index: auto E:\xampp\htdocs\jjyl\ThinkPHP\Library\Think\Model.class.php 第 1128 行.
ERR: Think\Model:insert方法不存在！

[ 2016-12-13T15:20:43+08:00 ] 127.0.0.1 /jjyl/admin.php/HospitalRegister/index
INFO: [ app_begin ] --START--
INFO: Run Behavior\ReadHtmlCacheBehavior [ RunTime:0.001000s ]
INFO: [ app_begin ] --END-- [ RunTime:0.001000s ]
SQL: SHOW COLUMNS FROM `h_hospital_account_info` [ RunTime:0.0040s ]
NOTIC: [8] Undefined index: validate E:\xampp\htdocs\jjyl\ThinkPHP\Library\Think\Model.class.php 第 1185 行.
NOTIC: [8] Undefined index: auto E:\xampp\htdocs\jjyl\ThinkPHP\Library\Think\Model.class.php 第 1128 行.
SQL: SHOW COLUMNS FROM `h_community_hospitals_info` [ RunTime:0.0060s ]
NOTIC: [8] Undefined index: validate E:\xampp\htdocs\jjyl\ThinkPHP\Library\Think\Model.class.php 第 1185 行.
NOTIC: [8] Undefined index: auto E:\xampp\htdocs\jjyl\ThinkPHP\Library\Think\Model.class.php 第 1128 行.
ERR: Think\Model:insert方法不存在！

[ 2016-12-13T15:21:32+08:00 ] 127.0.0.1 /jjyl/admin.php/HospitalRegister/index
INFO: [ app_begin ] --START--
INFO: Run Behavior\ReadHtmlCacheBehavior [ RunTime:0.001000s ]
INFO: [ app_begin ] --END-- [ RunTime:0.001000s ]
SQL: SHOW COLUMNS FROM `h_hospital_account_info` [ RunTime:0.0040s ]
NOTIC: [8] Undefined index: validate E:\xampp\htdocs\jjyl\ThinkPHP\Library\Think\Model.class.php 第 1185 行.
NOTIC: [8] Undefined index: auto E:\xampp\htdocs\jjyl\ThinkPHP\Library\Think\Model.class.php 第 1128 行.
SQL: SHOW COLUMNS FROM `h_community_hospitals_info` [ RunTime:0.0040s ]
NOTIC: [8] Undefined index: validate E:\xampp\htdocs\jjyl\ThinkPHP\Library\Think\Model.class.php 第 1185 行.
NOTIC: [8] Undefined index: auto E:\xampp\htdocs\jjyl\ThinkPHP\Library\Think\Model.class.php 第 1128 行.
ERR: Think\Model:insert方法不存在！

[ 2016-12-13T15:22:31+08:00 ] 127.0.0.1 /jjyl/admin.php/HospitalRegister/index
INFO: [ app_begin ] --START--
INFO: Run Behavior\ReadHtmlCacheBehavior [ RunTime:0.001000s ]
INFO: [ app_begin ] --END-- [ RunTime:0.001000s ]
SQL: SHOW COLUMNS FROM `h_hospital_account_info` [ RunTime:0.0210s ]
NOTIC: [8] Undefined index: validate E:\xampp\htdocs\jjyl\ThinkPHP\Library\Think\Model.class.php 第 1185 行.
NOTIC: [8] Undefined index: auto E:\xampp\htdocs\jjyl\ThinkPHP\Library\Think\Model.class.php 第 1128 行.
SQL: SHOW COLUMNS FROM `h_community_hospitals_info` [ RunTime:0.0040s ]
NOTIC: [8] Undefined index: validate E:\xampp\htdocs\jjyl\ThinkPHP\Library\Think\Model.class.php 第 1185 行.
NOTIC: [8] Undefined index: auto E:\xampp\htdocs\jjyl\ThinkPHP\Library\Think\Model.class.php 第 1128 行.
ERR: Think\Model:insert方法不存在！

[ 2016-12-13T15:24:49+08:00 ] 127.0.0.1 /jjyl/admin.php/HospitalRegister/index
INFO: [ app_begin ] --START--
INFO: Run Behavior\ReadHtmlCacheBehavior [ RunTime:0.000000s ]
INFO: [ app_begin ] --END-- [ RunTime:0.001000s ]
SQL: SHOW COLUMNS FROM `h_hospital_account_info` [ RunTime:0.0050s ]
NOTIC: [8] Undefined index: validate E:\xampp\htdocs\jjyl\ThinkPHP\Library\Think\Model.class.php 第 1185 行.
NOTIC: [8] Undefined index: auto E:\xampp\htdocs\jjyl\ThinkPHP\Library\Think\Model.class.php 第 1128 行.
SQL: SHOW COLUMNS FROM `h_community_hospitals_info` [ RunTime:0.0040s ]
NOTIC: [8] Undefined index: validate E:\xampp\htdocs\jjyl\ThinkPHP\Library\Think\Model.class.php 第 1185 行.
NOTIC: [8] Undefined index: auto E:\xampp\htdocs\jjyl\ThinkPHP\Library\Think\Model.class.php 第 1128 行.
ERR: Think\Model:insert方法不存在！

[ 2016-12-13T15:25:43+08:00 ] 127.0.0.1 /jjyl/admin.php/HospitalRegister/index
INFO: [ app_begin ] --START--
INFO: Run Behavior\ReadHtmlCacheBehavior [ RunTime:0.001000s ]
INFO: [ app_begin ] --END-- [ RunTime:0.001000s ]
SQL: SHOW COLUMNS FROM `h_hospital_account_info` [ RunTime:0.0040s ]
NOTIC: [8] Undefined index: validate E:\xampp\htdocs\jjyl\ThinkPHP\Library\Think\Model.class.php 第 1185 行.
NOTIC: [8] Undefined index: auto E:\xampp\htdocs\jjyl\ThinkPHP\Library\Think\Model.class.php 第 1128 行.
SQL: SHOW COLUMNS FROM `h_community_hospitals_info` [ RunTime:0.0040s ]
NOTIC: [8] Undefined index: validate E:\xampp\htdocs\jjyl\ThinkPHP\Library\Think\Model.class.php 第 1185 行.
NOTIC: [8] Undefined index: auto E:\xampp\htdocs\jjyl\ThinkPHP\Library\Think\Model.class.php 第 1128 行.
ERR: Think\Model:insert方法不存在！

[ 2016-12-13T15:28:16+08:00 ] 127.0.0.1 /jjyl/admin.php/HospitalRegister/index
INFO: [ app_begin ] --START--
INFO: Run Behavior\ReadHtmlCacheBehavior [ RunTime:0.000000s ]
INFO: [ app_begin ] --END-- [ RunTime:0.001000s ]
SQL: SHOW COLUMNS FROM `h_hospital_account_info` [ RunTime:0.0040s ]
NOTIC: [8] Undefined index: validate E:\xampp\htdocs\jjyl\ThinkPHP\Library\Think\Model.class.php 第 1185 行.
NOTIC: [8] Undefined index: auto E:\xampp\htdocs\jjyl\ThinkPHP\Library\Think\Model.class.php 第 1128 行.
SQL: SHOW COLUMNS FROM `h_community_hospitals_info` [ RunTime:0.0050s ]
NOTIC: [8] Undefined index: validate E:\xampp\htdocs\jjyl\ThinkPHP\Library\Think\Model.class.php 第 1185 行.
NOTIC: [8] Undefined index: auto E:\xampp\htdocs\jjyl\ThinkPHP\Library\Think\Model.class.php 第 1128 行.
ERR: Think\Model:insert方法不存在！

[ 2016-12-13T15:32:22+08:00 ] 127.0.0.1 /jjyl/admin.php/HospitalRegister/index
INFO: [ app_begin ] --START--
INFO: Run Behavior\ReadHtmlCacheBehavior [ RunTime:0.001000s ]
INFO: [ app_begin ] --END-- [ RunTime:0.001000s ]
SQL: SHOW COLUMNS FROM `h_hospital_account_info` [ RunTime:0.0040s ]
NOTIC: [8] Undefined index: validate E:\xampp\htdocs\jjyl\ThinkPHP\Library\Think\Model.class.php 第 1185 行.
NOTIC: [8] Undefined index: auto E:\xampp\htdocs\jjyl\ThinkPHP\Library\Think\Model.class.php 第 1128 行.
SQL: SHOW COLUMNS FROM `h_community_hospitals_info` [ RunTime:0.0050s ]
NOTIC: [8] Undefined index: validate E:\xampp\htdocs\jjyl\ThinkPHP\Library\Think\Model.class.php 第 1185 行.
NOTIC: [8] Undefined index: auto E:\xampp\htdocs\jjyl\ThinkPHP\Library\Think\Model.class.php 第 1128 行.
ERR: Think\Model:insert方法不存在！

[ 2016-12-13T15:33:25+08:00 ] 127.0.0.1 /jjyl/admin.php/HospitalRegister/index
INFO: [ app_begin ] --START--
INFO: Run Behavior\ReadHtmlCacheBehavior [ RunTime:0.002000s ]
INFO: [ app_begin ] --END-- [ RunTime:0.002000s ]
SQL: SHOW COLUMNS FROM `h_hospital_account_info` [ RunTime:0.0060s ]
NOTIC: [8] Undefined index: validate E:\xampp\htdocs\jjyl\ThinkPHP\Library\Think\Model.class.php 第 1185 行.
NOTIC: [8] Undefined index: auto E:\xampp\htdocs\jjyl\ThinkPHP\Library\Think\Model.class.php 第 1128 行.
SQL: SHOW COLUMNS FROM `h_community_hospitals_info` [ RunTime:0.0050s ]
NOTIC: [8] Undefined index: validate E:\xampp\htdocs\jjyl\ThinkPHP\Library\Think\Model.class.php 第 1185 行.
NOTIC: [8] Undefined index: auto E:\xampp\htdocs\jjyl\ThinkPHP\Library\Think\Model.class.php 第 1128 行.
ERR: Think\Model:insert方法不存在！

[ 2016-12-13T15:34:51+08:00 ] 127.0.0.1 /jjyl/admin.php/HospitalRegister/index
INFO: [ app_begin ] --START--
INFO: Run Behavior\ReadHtmlCacheBehavior [ RunTime:0.003000s ]
INFO: [ app_begin ] --END-- [ RunTime:0.003000s ]
SQL: SHOW COLUMNS FROM `h_hospital_account_info` [ RunTime:0.0060s ]
NOTIC: [8] Undefined index: validate E:\xampp\htdocs\jjyl\ThinkPHP\Library\Think\Model.class.php 第 1185 行.
NOTIC: [8] Undefined index: auto E:\xampp\htdocs\jjyl\ThinkPHP\Library\Think\Model.class.php 第 1128 行.
SQL: SHOW COLUMNS FROM `h_community_hospitals_info` [ RunTime:0.0040s ]
NOTIC: [8] Undefined index: validate E:\xampp\htdocs\jjyl\ThinkPHP\Library\Think\Model.class.php 第 1185 行.
NOTIC: [8] Undefined index: auto E:\xampp\htdocs\jjyl\ThinkPHP\Library\Think\Model.class.php 第 1128 行.

[ 2016-12-13T15:35:48+08:00 ] 127.0.0.1 /jjyl/admin.php/HospitalRegister/index
INFO: [ app_begin ] --START--
INFO: Run Behavior\ReadHtmlCacheBehavior [ RunTime:0.001000s ]
INFO: [ app_begin ] --END-- [ RunTime:0.001000s ]
SQL: SHOW COLUMNS FROM `h_hospital_account_info` [ RunTime:0.0040s ]
NOTIC: [8] Undefined index: validate E:\xampp\htdocs\jjyl\ThinkPHP\Library\Think\Model.class.php 第 1185 行.
NOTIC: [8] Undefined index: auto E:\xampp\htdocs\jjyl\ThinkPHP\Library\Think\Model.class.php 第 1128 行.
SQL: SHOW COLUMNS FROM `h_community_hospitals_info` [ RunTime:0.0040s ]
NOTIC: [8] Undefined index: validate E:\xampp\htdocs\jjyl\ThinkPHP\Library\Think\Model.class.php 第 1185 行.

[ 2016-12-13T15:35:51+08:00 ] 127.0.0.1 /jjyl/admin.php/HospitalRegister/index
INFO: [ app_begin ] --START--
INFO: Run Behavior\ReadHtmlCacheBehavior [ RunTime:0.001000s ]
INFO: [ app_begin ] --END-- [ RunTime:0.001000s ]
SQL: SHOW COLUMNS FROM `h_hospital_account_info` [ RunTime:0.0050s ]
NOTIC: [8] Undefined index: validate E:\xampp\htdocs\jjyl\ThinkPHP\Library\Think\Model.class.php 第 1185 行.
NOTIC: [8] Undefined index: auto E:\xampp\htdocs\jjyl\ThinkPHP\Library\Think\Model.class.php 第 1128 行.
SQL: SHOW COLUMNS FROM `h_community_hospitals_info` [ RunTime:0.0050s ]
NOTIC: [8] Undefined index: validate E:\xampp\htdocs\jjyl\ThinkPHP\Library\Think\Model.class.php 第 1185 行.

[ 2016-12-13T15:35:53+08:00 ] 127.0.0.1 /jjyl/admin.php/HospitalRegister/index
INFO: [ app_begin ] --START--
INFO: Run Behavior\ReadHtmlCacheBehavior [ RunTime:0.001000s ]
INFO: [ app_begin ] --END-- [ RunTime:0.001000s ]
SQL: SHOW COLUMNS FROM `h_hospital_account_info` [ RunTime:0.0040s ]
NOTIC: [8] Undefined index: validate E:\xampp\htdocs\jjyl\ThinkPHP\Library\Think\Model.class.php 第 1185 行.
NOTIC: [8] Undefined index: auto E:\xampp\htdocs\jjyl\ThinkPHP\Library\Think\Model.class.php 第 1128 行.
SQL: SHOW COLUMNS FROM `h_community_hospitals_info` [ RunTime:0.0040s ]
NOTIC: [8] Undefined index: validate E:\xampp\htdocs\jjyl\ThinkPHP\Library\Think\Model.class.php 第 1185 行.

[ 2016-12-13T15:36:25+08:00 ] 127.0.0.1 /jjyl/admin.php/HospitalRegister/index
INFO: [ app_begin ] --START--
INFO: Run Behavior\ReadHtmlCacheBehavior [ RunTime:0.001001s ]
INFO: [ app_begin ] --END-- [ RunTime:0.001001s ]
SQL: SHOW COLUMNS FROM `h_hospital_account_info` [ RunTime:0.0050s ]
NOTIC: [8] Undefined index: validate E:\xampp\htdocs\jjyl\ThinkPHP\Library\Think\Model.class.php 第 1185 行.
NOTIC: [8] Undefined index: auto E:\xampp\htdocs\jjyl\ThinkPHP\Library\Think\Model.class.php 第 1128 行.
SQL: SHOW COLUMNS FROM `h_community_hospitals_info` [ RunTime:0.0050s ]
NOTIC: [8] Undefined index: validate E:\xampp\htdocs\jjyl\ThinkPHP\Library\Think\Model.class.php 第 1185 行.
INFO: [ app_end ] --START--
INFO: Run Behavior\ShowPageTraceBehavior [ RunTime:0.001001s ]
INFO: [ app_end ] --END-- [ RunTime:0.001001s ]

[ 2016-12-13T15:37:01+08:00 ] 127.0.0.1 /jjyl/admin.php/HospitalRegister/index
INFO: [ app_begin ] --START--
INFO: Run Behavior\ReadHtmlCacheBehavior [ RunTime:0.000000s ]
INFO: [ app_begin ] --END-- [ RunTime:0.001000s ]
SQL: SHOW COLUMNS FROM `h_hospital_account_info` [ RunTime:0.0050s ]
NOTIC: [8] Undefined index: validate E:\xampp\htdocs\jjyl\ThinkPHP\Library\Think\Model.class.php 第 1185 行.
NOTIC: [8] Undefined index: auto E:\xampp\htdocs\jjyl\ThinkPHP\Library\Think\Model.class.php 第 1128 行.
SQL: SHOW COLUMNS FROM `h_community_hospitals_info` [ RunTime:0.0040s ]
NOTIC: [8] Undefined index: validate E:\xampp\htdocs\jjyl\ThinkPHP\Library\Think\Model.class.php 第 1185 行.
INFO: [ view_parse ] --START--
INFO: [ template_filter ] --START--
INFO: Run Behavior\ContentReplaceBehavior [ RunTime:0.000000s ]
INFO: [ template_filter ] --END-- [ RunTime:0.000000s ]
INFO: Run Behavior\ParseTemplateBehavior [ RunTime:0.012001s ]
INFO: [ view_parse ] --END-- [ RunTime:0.012001s ]
INFO: [ view_filter ] --START--
INFO: Run Behavior\WriteHtmlCacheBehavior [ RunTime:0.001000s ]
INFO: [ view_filter ] --END-- [ RunTime:0.001000s ]
INFO: [ app_end ] --START--
INFO: Run Behavior\ShowPageTraceBehavior [ RunTime:0.001000s ]
INFO: [ app_end ] --END-- [ RunTime:0.001000s ]

[ 2016-12-13T15:41:04+08:00 ] 127.0.0.1 /jjyl/admin.php/HospitalRegister/index
INFO: [ app_begin ] --START--
INFO: Run Behavior\ReadHtmlCacheBehavior [ RunTime:0.001001s ]
INFO: [ app_begin ] --END-- [ RunTime:0.001001s ]
SQL: SHOW COLUMNS FROM `h_hospital_account_info` [ RunTime:0.0050s ]
NOTIC: [8] Undefined index: validate E:\xampp\htdocs\jjyl\ThinkPHP\Library\Think\Model.class.php 第 1185 行.
NOTIC: [8] Undefined index: auto E:\xampp\htdocs\jjyl\ThinkPHP\Library\Think\Model.class.php 第 1128 行.
SQL: SHOW COLUMNS FROM `h_community_hospitals_info` [ RunTime:0.0050s ]
NOTIC: [8] Undefined index: validate E:\xampp\htdocs\jjyl\ThinkPHP\Library\Think\Model.class.php 第 1185 行.
NOTIC: [8] Undefined index: auto E:\xampp\htdocs\jjyl\ThinkPHP\Library\Think\Model.class.php 第 1128 行.
ERR: Think\Model:insert方法不存在！

[ 2016-12-13T15:41:42+08:00 ] 127.0.0.1 /jjyl/admin.php/HospitalRegister/index
INFO: [ app_begin ] --START--
INFO: Run Behavior\ReadHtmlCacheBehavior [ RunTime:0.001000s ]
INFO: [ app_begin ] --END-- [ RunTime:0.001000s ]
SQL: SHOW COLUMNS FROM `h_hospital_account_info` [ RunTime:0.0230s ]
NOTIC: [8] Undefined index: validate E:\xampp\htdocs\jjyl\ThinkPHP\Library\Think\Model.class.php 第 1185 行.
NOTIC: [8] Undefined index: auto E:\xampp\htdocs\jjyl\ThinkPHP\Library\Think\Model.class.php 第 1128 行.
SQL: SHOW COLUMNS FROM `h_community_hospitals_info` [ RunTime:0.0030s ]
NOTIC: [8] Undefined index: validate E:\xampp\htdocs\jjyl\ThinkPHP\Library\Think\Model.class.php 第 1185 行.
NOTIC: [8] Undefined index: auto E:\xampp\htdocs\jjyl\ThinkPHP\Library\Think\Model.class.php 第 1128 行.
ERR: Think\Model:insert方法不存在！

[ 2016-12-13T15:46:34+08:00 ] 127.0.0.1 /jjyl/admin.php/HospitalRegister/index
INFO: [ app_begin ] --START--
INFO: Run Behavior\ReadHtmlCacheBehavior [ RunTime:0.001000s ]
INFO: [ app_begin ] --END-- [ RunTime:0.001000s ]
SQL: SHOW COLUMNS FROM `h_hospital_account_info` [ RunTime:0.0050s ]
NOTIC: [8] Undefined index: validate E:\xampp\htdocs\jjyl\ThinkPHP\Library\Think\Model.class.php 第 1185 行.
NOTIC: [8] Undefined index: auto E:\xampp\htdocs\jjyl\ThinkPHP\Library\Think\Model.class.php 第 1128 行.
SQL: SHOW COLUMNS FROM `h_community_hospitals_info` [ RunTime:0.0050s ]
NOTIC: [8] Undefined index: validate E:\xampp\htdocs\jjyl\ThinkPHP\Library\Think\Model.class.php 第 1185 行.
NOTIC: [8] Undefined index: auto E:\xampp\htdocs\jjyl\ThinkPHP\Library\Think\Model.class.php 第 1128 行.
SQL: INSERT INTO `h_hospital_account_info` (`hospital_account_num`,`hospital_account_password`) VALUES ('gg','gg') [ RunTime:0.0740s ]
SQL: INSERT INTO `h_community_hospitals_info` (`community_hospitals_name`) VALUES ('gg') [ RunTime:0.0360s ]
INFO: [ app_end ] --START--
INFO: Run Behavior\ShowPageTraceBehavior [ RunTime:0.001000s ]
INFO: [ app_end ] --END-- [ RunTime:0.001000s ]

[ 2016-12-13T15:53:23+08:00 ] 127.0.0.1 /jjyl/admin.php/HospitalRegister/index
INFO: [ app_begin ] --START--
INFO: Run Behavior\ReadHtmlCacheBehavior [ RunTime:0.001000s ]
INFO: [ app_begin ] --END-- [ RunTime:0.001000s ]
SQL: SHOW COLUMNS FROM `h_hospital_account_info` [ RunTime:0.0050s ]
NOTIC: [8] Undefined index: validate E:\xampp\htdocs\jjyl\ThinkPHP\Library\Think\Model.class.php 第 1185 行.
NOTIC: [8] Undefined index: auto E:\xampp\htdocs\jjyl\ThinkPHP\Library\Think\Model.class.php 第 1128 行.
SQL: SHOW COLUMNS FROM `h_community_hospitals_info` [ RunTime:0.0040s ]
NOTIC: [8] Undefined index: validate E:\xampp\htdocs\jjyl\ThinkPHP\Library\Think\Model.class.php 第 1185 行.
NOTIC: [8] Undefined index: auto E:\xampp\htdocs\jjyl\ThinkPHP\Library\Think\Model.class.php 第 1128 行.
SQL: INSERT INTO `h_hospital_account_info` (`hospital_account_num`,`hospital_account_password`) VALUES ('xx','xx') [ RunTime:0.0890s ]
SQL: INSERT INTO `h_community_hospitals_info` (`community_hospitals_name`) VALUES ('xx') [ RunTime:0.2100s ]
INFO: [ app_end ] --START--
INFO: Run Behavior\ShowPageTraceBehavior [ RunTime:0.002000s ]
INFO: [ app_end ] --END-- [ RunTime:0.002000s ]

[ 2016-12-13T15:54:21+08:00 ] 127.0.0.1 /jjyl/admin.php/HospitalRegister/index
INFO: [ app_begin ] --START--
INFO: Run Behavior\ReadHtmlCacheBehavior [ RunTime:0.001000s ]
INFO: [ app_begin ] --END-- [ RunTime:0.001000s ]
SQL: SHOW COLUMNS FROM `h_hospital_account_info` [ RunTime:0.0320s ]
NOTIC: [8] Undefined index: validate E:\xampp\htdocs\jjyl\ThinkPHP\Library\Think\Model.class.php 第 1185 行.
NOTIC: [8] Undefined index: auto E:\xampp\htdocs\jjyl\ThinkPHP\Library\Think\Model.class.php 第 1128 行.
SQL: SHOW COLUMNS FROM `h_community_hospitals_info` [ RunTime:0.0070s ]
NOTIC: [8] Undefined index: validate E:\xampp\htdocs\jjyl\ThinkPHP\Library\Think\Model.class.php 第 1185 行.
NOTIC: [8] Undefined index: auto E:\xampp\htdocs\jjyl\ThinkPHP\Library\Think\Model.class.php 第 1128 行.
SQL: INSERT INTO `h_hospital_account_info` (`hospital_account_num`,`hospital_account_password`) VALUES ('a','a') [ RunTime:0.0620s ]
SQL: INSERT INTO `h_community_hospitals_info` (`community_hospitals_name`) VALUES ('a') [ RunTime:0.0520s ]
INFO: [ app_end ] --START--
INFO: Run Behavior\ShowPageTraceBehavior [ RunTime:0.001000s ]
INFO: [ app_end ] --END-- [ RunTime:0.001000s ]

[ 2016-12-13T16:16:02+08:00 ] 127.0.0.1 /jjyl/admin.php/HospitalRegister/index
INFO: [ app_begin ] --START--
INFO: Run Behavior\ReadHtmlCacheBehavior [ RunTime:0.001000s ]
INFO: [ app_begin ] --END-- [ RunTime:0.001000s ]
SQL: SHOW COLUMNS FROM `h_hospital_account_info` [ RunTime:0.0040s ]
NOTIC: [2] Illegal offset type in isset or empty E:\xampp\htdocs\jjyl\ThinkPHP\Library\Think\Model.class.php 第 1015 行.
NOTIC: [8] Undefined index: validate E:\xampp\htdocs\jjyl\ThinkPHP\Library\Think\Model.class.php 第 1185 行.
NOTIC: [8] Undefined index: auto E:\xampp\htdocs\jjyl\ThinkPHP\Library\Think\Model.class.php 第 1128 行.
SQL: SHOW COLUMNS FROM `h_community_hospitals_info` [ RunTime:0.0040s ]
NOTIC: [8] Undefined index: validate E:\xampp\htdocs\jjyl\ThinkPHP\Library\Think\Model.class.php 第 1185 行.
NOTIC: [8] Undefined index: auto E:\xampp\htdocs\jjyl\ThinkPHP\Library\Think\Model.class.php 第 1128 行.
SQL: INSERT INTO `h_hospital_account_info` (`hospital_account_num`,`hospital_account_password`) VALUES ('admin','admin') [ RunTime:0.0880s ]
SQL: INSERT INTO `h_community_hospitals_info` (`community_hospitals_name`) VALUES ('口腔医院') [ RunTime:0.1390s ]
INFO: [ app_end ] --START--
INFO: Run Behavior\ShowPageTraceBehavior [ RunTime:0.001000s ]
INFO: [ app_end ] --END-- [ RunTime:0.001000s ]

[ 2016-12-13T16:17:43+08:00 ] 127.0.0.1 /jjyl/admin.php/HospitalRegister/index
INFO: [ app_begin ] --START--
INFO: Run Behavior\ReadHtmlCacheBehavior [ RunTime:0.002000s ]
INFO: [ app_begin ] --END-- [ RunTime:0.002000s ]
SQL: SHOW COLUMNS FROM `h_hospital_account_info` [ RunTime:0.0050s ]
NOTIC: [2] Illegal offset type in isset or empty E:\xampp\htdocs\jjyl\ThinkPHP\Library\Think\Model.class.php 第 1015 行.
NOTIC: [8] Undefined index: validate E:\xampp\htdocs\jjyl\ThinkPHP\Library\Think\Model.class.php 第 1185 行.
NOTIC: [8] Undefined index: auto E:\xampp\htdocs\jjyl\ThinkPHP\Library\Think\Model.class.php 第 1128 行.
SQL: SHOW COLUMNS FROM `h_community_hospitals_info` [ RunTime:0.0040s ]
NOTIC: [8] Undefined index: validate E:\xampp\htdocs\jjyl\ThinkPHP\Library\Think\Model.class.php 第 1185 行.
NOTIC: [8] Undefined index: auto E:\xampp\htdocs\jjyl\ThinkPHP\Library\Think\Model.class.php 第 1128 行.
ERR: 1062:Duplicate entry '' for key 'PRIMARY'
 [ SQL语句 ] : INSERT INTO `h_hospital_account_info` (`hospital_account_num`,`hospital_account_password`) VALUES ('admin','admin')
ERR: 1062:Duplicate entry '' for key 'PRIMARY'
 [ SQL语句 ] : INSERT INTO `h_hospital_account_info` (`hospital_account_num`,`hospital_account_password`) VALUES ('admin','admin')

[ 2016-12-13T16:18:34+08:00 ] 127.0.0.1 /jjyl/admin.php/HospitalRegister/index
INFO: [ app_begin ] --START--
INFO: Run Behavior\ReadHtmlCacheBehavior [ RunTime:0.001000s ]
INFO: [ app_begin ] --END-- [ RunTime:0.001000s ]
SQL: SHOW COLUMNS FROM `h_hospital_account_info` [ RunTime:0.0040s ]
NOTIC: [2] Illegal offset type in isset or empty E:\xampp\htdocs\jjyl\ThinkPHP\Library\Think\Model.class.php 第 1015 行.
NOTIC: [8] Undefined index: validate E:\xampp\htdocs\jjyl\ThinkPHP\Library\Think\Model.class.php 第 1185 行.
NOTIC: [8] Undefined index: auto E:\xampp\htdocs\jjyl\ThinkPHP\Library\Think\Model.class.php 第 1128 行.
SQL: SHOW COLUMNS FROM `h_community_hospitals_info` [ RunTime:0.0040s ]
NOTIC: [8] Undefined index: validate E:\xampp\htdocs\jjyl\ThinkPHP\Library\Think\Model.class.php 第 1185 行.
NOTIC: [8] Undefined index: auto E:\xampp\htdocs\jjyl\ThinkPHP\Library\Think\Model.class.php 第 1128 行.
ERR: 1062:Duplicate entry '' for key 'PRIMARY'
 [ SQL语句 ] : INSERT INTO `h_hospital_account_info` (`hospital_account_num`,`hospital_account_password`) VALUES ('admin','admin')
ERR: 1062:Duplicate entry '' for key 'PRIMARY'
 [ SQL语句 ] : INSERT INTO `h_hospital_account_info` (`hospital_account_num`,`hospital_account_password`) VALUES ('admin','admin')

[ 2016-12-13T16:18:40+08:00 ] 127.0.0.1 /jjyl/admin.php/HospitalRegister/index
INFO: [ app_begin ] --START--
INFO: Run Behavior\ReadHtmlCacheBehavior [ RunTime:0.000000s ]
INFO: [ app_begin ] --END-- [ RunTime:0.001000s ]
SQL: SHOW COLUMNS FROM `h_hospital_account_info` [ RunTime:0.0040s ]
NOTIC: [2] Illegal offset type in isset or empty E:\xampp\htdocs\jjyl\ThinkPHP\Library\Think\Model.class.php 第 1015 行.
NOTIC: [8] Undefined index: validate E:\xampp\htdocs\jjyl\ThinkPHP\Library\Think\Model.class.php 第 1185 行.
NOTIC: [8] Undefined index: auto E:\xampp\htdocs\jjyl\ThinkPHP\Library\Think\Model.class.php 第 1128 行.
SQL: SHOW COLUMNS FROM `h_community_hospitals_info` [ RunTime:0.0040s ]
NOTIC: [8] Undefined index: validate E:\xampp\htdocs\jjyl\ThinkPHP\Library\Think\Model.class.php 第 1185 行.
NOTIC: [8] Undefined index: auto E:\xampp\htdocs\jjyl\ThinkPHP\Library\Think\Model.class.php 第 1128 行.
ERR: 1062:Duplicate entry '' for key 'PRIMARY'
 [ SQL语句 ] : INSERT INTO `h_hospital_account_info` (`hospital_account_num`,`hospital_account_password`) VALUES ('admin','admin')
ERR: 1062:Duplicate entry '' for key 'PRIMARY'
 [ SQL语句 ] : INSERT INTO `h_hospital_account_info` (`hospital_account_num`,`hospital_account_password`) VALUES ('admin','admin')

[ 2016-12-13T16:18:59+08:00 ] 127.0.0.1 /jjyl/admin.php/Menu/index
ERR: 1146:Table 'homecare.h_menu' doesn't exist
 [ SQL语句 ] : SHOW COLUMNS FROM `h_menu`

[ 2016-12-13T16:19:04+08:00 ] 127.0.0.1 /jjyl/admin.php/HospitalRegister/index
INFO: [ app_begin ] --START--
INFO: Run Behavior\ReadHtmlCacheBehavior [ RunTime:0.001000s ]
INFO: [ app_begin ] --END-- [ RunTime:0.001000s ]
SQL: SHOW COLUMNS FROM `h_hospital_account_info` [ RunTime:0.0040s ]
NOTIC: [2] Illegal offset type in isset or empty E:\xampp\htdocs\jjyl\ThinkPHP\Library\Think\Model.class.php 第 1015 行.
NOTIC: [8] Undefined index: validate E:\xampp\htdocs\jjyl\ThinkPHP\Library\Think\Model.class.php 第 1185 行.
NOTIC: [8] Undefined index: auto E:\xampp\htdocs\jjyl\ThinkPHP\Library\Think\Model.class.php 第 1128 行.
SQL: SHOW COLUMNS FROM `h_community_hospitals_info` [ RunTime:0.0040s ]
NOTIC: [8] Undefined index: validate E:\xampp\htdocs\jjyl\ThinkPHP\Library\Think\Model.class.php 第 1185 行.
INFO: [ view_parse ] --START--
INFO: [ template_filter ] --START--
INFO: Run Behavior\ContentReplaceBehavior [ RunTime:0.001000s ]
INFO: [ template_filter ] --END-- [ RunTime:0.001000s ]
INFO: Run Behavior\ParseTemplateBehavior [ RunTime:0.011001s ]
INFO: [ view_parse ] --END-- [ RunTime:0.011001s ]
INFO: [ view_filter ] --START--
INFO: Run Behavior\WriteHtmlCacheBehavior [ RunTime:0.001000s ]
INFO: [ view_filter ] --END-- [ RunTime:0.001000s ]
INFO: [ app_end ] --START--
INFO: Run Behavior\ShowPageTraceBehavior [ RunTime:0.001000s ]
INFO: [ app_end ] --END-- [ RunTime:0.001000s ]

[ 2016-12-13T16:19:05+08:00 ] 127.0.0.1 /jjyl/admin.php/HospitalRegister/index
INFO: [ app_begin ] --START--
INFO: Run Behavior\ReadHtmlCacheBehavior [ RunTime:0.001000s ]
INFO: [ app_begin ] --END-- [ RunTime:0.001000s ]
SQL: SHOW COLUMNS FROM `h_hospital_account_info` [ RunTime:0.0050s ]
NOTIC: [2] Illegal offset type in isset or empty E:\xampp\htdocs\jjyl\ThinkPHP\Library\Think\Model.class.php 第 1015 行.
NOTIC: [8] Undefined index: validate E:\xampp\htdocs\jjyl\ThinkPHP\Library\Think\Model.class.php 第 1185 行.
NOTIC: [8] Undefined index: auto E:\xampp\htdocs\jjyl\ThinkPHP\Library\Think\Model.class.php 第 1128 行.
SQL: SHOW COLUMNS FROM `h_community_hospitals_info` [ RunTime:0.0040s ]
NOTIC: [8] Undefined index: validate E:\xampp\htdocs\jjyl\ThinkPHP\Library\Think\Model.class.php 第 1185 行.
INFO: [ view_parse ] --START--
INFO: [ template_filter ] --START--
INFO: Run Behavior\ContentReplaceBehavior [ RunTime:0.000000s ]
INFO: [ template_filter ] --END-- [ RunTime:0.000000s ]
INFO: Run Behavior\ParseTemplateBehavior [ RunTime:0.011001s ]
INFO: [ view_parse ] --END-- [ RunTime:0.011001s ]
INFO: [ view_filter ] --START--
INFO: Run Behavior\WriteHtmlCacheBehavior [ RunTime:0.000000s ]
INFO: [ view_filter ] --END-- [ RunTime:0.000000s ]
INFO: [ app_end ] --START--
INFO: Run Behavior\ShowPageTraceBehavior [ RunTime:0.000000s ]
INFO: [ app_end ] --END-- [ RunTime:0.000000s ]

[ 2016-12-13T16:19:05+08:00 ] 127.0.0.1 /jjyl/admin.php/HospitalRegister/index
INFO: [ app_begin ] --START--
INFO: Run Behavior\ReadHtmlCacheBehavior [ RunTime:0.001000s ]
INFO: [ app_begin ] --END-- [ RunTime:0.001000s ]
SQL: SHOW COLUMNS FROM `h_hospital_account_info` [ RunTime:0.0040s ]
NOTIC: [2] Illegal offset type in isset or empty E:\xampp\htdocs\jjyl\ThinkPHP\Library\Think\Model.class.php 第 1015 行.
NOTIC: [8] Undefined index: validate E:\xampp\htdocs\jjyl\ThinkPHP\Library\Think\Model.class.php 第 1185 行.
NOTIC: [8] Undefined index: auto E:\xampp\htdocs\jjyl\ThinkPHP\Library\Think\Model.class.php 第 1128 行.
SQL: SHOW COLUMNS FROM `h_community_hospitals_info` [ RunTime:0.0040s ]
NOTIC: [8] Undefined index: validate E:\xampp\htdocs\jjyl\ThinkPHP\Library\Think\Model.class.php 第 1185 行.
INFO: [ view_parse ] --START--
INFO: [ template_filter ] --START--
INFO: Run Behavior\ContentReplaceBehavior [ RunTime:0.000000s ]
INFO: [ template_filter ] --END-- [ RunTime:0.000000s ]
INFO: Run Behavior\ParseTemplateBehavior [ RunTime:0.010001s ]
INFO: [ view_parse ] --END-- [ RunTime:0.011001s ]
INFO: [ view_filter ] --START--
INFO: Run Behavior\WriteHtmlCacheBehavior [ RunTime:0.000000s ]
INFO: [ view_filter ] --END-- [ RunTime:0.000000s ]
INFO: [ app_end ] --START--
INFO: Run Behavior\ShowPageTraceBehavior [ RunTime:0.001000s ]
INFO: [ app_end ] --END-- [ RunTime:0.001000s ]

[ 2016-12-13T16:19:44+08:00 ] 127.0.0.1 /jjyl/admin.php/HospitalRegister/index
INFO: [ app_begin ] --START--
INFO: Run Behavior\ReadHtmlCacheBehavior [ RunTime:0.001000s ]
INFO: [ app_begin ] --END-- [ RunTime:0.001000s ]
SQL: SHOW COLUMNS FROM `h_hospital_account_info` [ RunTime:0.0040s ]
NOTIC: [2] Illegal offset type in isset or empty E:\xampp\htdocs\jjyl\ThinkPHP\Library\Think\Model.class.php 第 1015 行.
NOTIC: [8] Undefined index: validate E:\xampp\htdocs\jjyl\ThinkPHP\Library\Think\Model.class.php 第 1185 行.
NOTIC: [8] Undefined index: auto E:\xampp\htdocs\jjyl\ThinkPHP\Library\Think\Model.class.php 第 1128 行.
SQL: SHOW COLUMNS FROM `h_community_hospitals_info` [ RunTime:0.0040s ]
NOTIC: [8] Undefined index: validate E:\xampp\htdocs\jjyl\ThinkPHP\Library\Think\Model.class.php 第 1185 行.
NOTIC: [8] Undefined index: auto E:\xampp\htdocs\jjyl\ThinkPHP\Library\Think\Model.class.php 第 1128 行.
ERR: 1062:Duplicate entry '' for key 'PRIMARY'
 [ SQL语句 ] : INSERT INTO `h_hospital_account_info` (`hospital_account_num`,`hospital_account_password`) VALUES ('admin','admin')
ERR: 1062:Duplicate entry '' for key 'PRIMARY'
 [ SQL语句 ] : INSERT INTO `h_hospital_account_info` (`hospital_account_num`,`hospital_account_password`) VALUES ('admin','admin')

[ 2016-12-13T16:19:50+08:00 ] 127.0.0.1 /jjyl/admin.php/HospitalRegister/index
INFO: [ app_begin ] --START--
INFO: Run Behavior\ReadHtmlCacheBehavior [ RunTime:0.001000s ]
INFO: [ app_begin ] --END-- [ RunTime:0.001000s ]
SQL: SHOW COLUMNS FROM `h_hospital_account_info` [ RunTime:0.0040s ]
NOTIC: [2] Illegal offset type in isset or empty E:\xampp\htdocs\jjyl\ThinkPHP\Library\Think\Model.class.php 第 1015 行.
NOTIC: [8] Undefined index: validate E:\xampp\htdocs\jjyl\ThinkPHP\Library\Think\Model.class.php 第 1185 行.
NOTIC: [8] Undefined index: auto E:\xampp\htdocs\jjyl\ThinkPHP\Library\Think\Model.class.php 第 1128 行.
SQL: SHOW COLUMNS FROM `h_community_hospitals_info` [ RunTime:0.0050s ]
NOTIC: [8] Undefined index: validate E:\xampp\htdocs\jjyl\ThinkPHP\Library\Think\Model.class.php 第 1185 行.
NOTIC: [8] Undefined index: auto E:\xampp\htdocs\jjyl\ThinkPHP\Library\Think\Model.class.php 第 1128 行.
ERR: 1062:Duplicate entry '' for key 'PRIMARY'
 [ SQL语句 ] : INSERT INTO `h_hospital_account_info` (`hospital_account_num`,`hospital_account_password`) VALUES ('admin','admin')
ERR: 1062:Duplicate entry '' for key 'PRIMARY'
 [ SQL语句 ] : INSERT INTO `h_hospital_account_info` (`hospital_account_num`,`hospital_account_password`) VALUES ('admin','admin')

[ 2016-12-13T16:22:42+08:00 ] 127.0.0.1 /jjyl/admin.php/HospitalRegister/index
INFO: [ app_begin ] --START--
INFO: Run Behavior\ReadHtmlCacheBehavior [ RunTime:0.001000s ]
INFO: [ app_begin ] --END-- [ RunTime:0.001000s ]
SQL: SHOW COLUMNS FROM `h_hospital_account_info` [ RunTime:0.0040s ]
NOTIC: [2] Illegal offset type in isset or empty E:\xampp\htdocs\jjyl\ThinkPHP\Library\Think\Model.class.php 第 1015 行.
NOTIC: [8] Undefined index: validate E:\xampp\htdocs\jjyl\ThinkPHP\Library\Think\Model.class.php 第 1185 行.
NOTIC: [8] Undefined index: auto E:\xampp\htdocs\jjyl\ThinkPHP\Library\Think\Model.class.php 第 1128 行.
SQL: SHOW COLUMNS FROM `h_community_hospitals_info` [ RunTime:0.0080s ]
NOTIC: [8] Undefined index: validate E:\xampp\htdocs\jjyl\ThinkPHP\Library\Think\Model.class.php 第 1185 行.
NOTIC: [8] Undefined index: auto E:\xampp\htdocs\jjyl\ThinkPHP\Library\Think\Model.class.php 第 1128 行.
SQL: INSERT INTO `h_hospital_account_info` (`hospital_account_num`,`hospital_account_password`) VALUES ('admin','admin') [ RunTime:0.1090s ]
ERR: 1062:Duplicate entry '' for key 'PRIMARY'
 [ SQL语句 ] : INSERT INTO `h_community_hospitals_info` (`community_hospitals_name`) VALUES ('天河医院')
ERR: 1062:Duplicate entry '' for key 'PRIMARY'
 [ SQL语句 ] : INSERT INTO `h_community_hospitals_info` (`community_hospitals_name`) VALUES ('天河医院')

[ 2016-12-13T16:24:57+08:00 ] 127.0.0.1 /jjyl/admin.php/HospitalRegister/index
INFO: [ app_begin ] --START--
INFO: Run Behavior\ReadHtmlCacheBehavior [ RunTime:0.001001s ]
INFO: [ app_begin ] --END-- [ RunTime:0.001001s ]
SQL: SHOW COLUMNS FROM `h_hospital_account_info` [ RunTime:0.0040s ]
NOTIC: [2] Illegal offset type in isset or empty E:\xampp\htdocs\jjyl\ThinkPHP\Library\Think\Model.class.php 第 1015 行.
NOTIC: [8] Undefined index: validate E:\xampp\htdocs\jjyl\ThinkPHP\Library\Think\Model.class.php 第 1185 行.
NOTIC: [8] Undefined index: auto E:\xampp\htdocs\jjyl\ThinkPHP\Library\Think\Model.class.php 第 1128 行.
SQL: SHOW COLUMNS FROM `h_community_hospitals_info` [ RunTime:0.0040s ]
NOTIC: [8] Undefined index: validate E:\xampp\htdocs\jjyl\ThinkPHP\Library\Think\Model.class.php 第 1185 行.
NOTIC: [8] Undefined index: auto E:\xampp\htdocs\jjyl\ThinkPHP\Library\Think\Model.class.php 第 1128 行.
SQL: INSERT INTO `h_hospital_account_info` (`hospital_account_num`,`hospital_account_password`) VALUES ('admin','admin') [ RunTime:0.1370s ]
SQL: INSERT INTO `h_community_hospitals_info` (`community_hospitals_name`) VALUES ('天河医院') [ RunTime:0.0450s ]
INFO: [ app_end ] --START--
INFO: Run Behavior\ShowPageTraceBehavior [ RunTime:0.001000s ]
INFO: [ app_end ] --END-- [ RunTime:0.001000s ]

[ 2016-12-13T16:24:59+08:00 ] 127.0.0.1 /jjyl/admin.php/HospitalRegister/details
ERR: 非法操作:details

[ 2016-12-13T16:26:51+08:00 ] 127.0.0.1 /jjyl/admin.php/HospitalRegister/index
INFO: [ app_begin ] --START--
INFO: Run Behavior\ReadHtmlCacheBehavior [ RunTime:0.001001s ]
INFO: [ app_begin ] --END-- [ RunTime:0.001001s ]
SQL: SHOW COLUMNS FROM `h_hospital_account_info` [ RunTime:0.0050s ]
NOTIC: [2] Illegal offset type in isset or empty E:\xampp\htdocs\jjyl\ThinkPHP\Library\Think\Model.class.php 第 1015 行.
NOTIC: [8] Undefined index: validate E:\xampp\htdocs\jjyl\ThinkPHP\Library\Think\Model.class.php 第 1185 行.
NOTIC: [8] Undefined index: auto E:\xampp\htdocs\jjyl\ThinkPHP\Library\Think\Model.class.php 第 1128 行.
SQL: SHOW COLUMNS FROM `h_community_hospitals_info` [ RunTime:0.0040s ]
NOTIC: [8] Undefined index: validate E:\xampp\htdocs\jjyl\ThinkPHP\Library\Think\Model.class.php 第 1185 行.
NOTIC: [8] Undefined index: auto E:\xampp\htdocs\jjyl\ThinkPHP\Library\Think\Model.class.php 第 1128 行.
ERR: 1062:Duplicate entry '' for key 'PRIMARY'
 [ SQL语句 ] : INSERT INTO `h_hospital_account_info` (`hospital_account_num`,`hospital_account_password`) VALUES ('admin','admin')
ERR: 1062:Duplicate entry '' for key 'PRIMARY'
 [ SQL语句 ] : INSERT INTO `h_hospital_account_info` (`hospital_account_num`,`hospital_account_password`) VALUES ('admin','admin')

[ 2016-12-13T16:27:18+08:00 ] 127.0.0.1 /jjyl/admin.php/HospitalRegister/index
INFO: [ app_begin ] --START--
INFO: Run Behavior\ReadHtmlCacheBehavior [ RunTime:0.001000s ]
INFO: [ app_begin ] --END-- [ RunTime:0.001000s ]
SQL: SHOW COLUMNS FROM `h_hospital_account_info` [ RunTime:0.0050s ]
NOTIC: [2] Illegal offset type in isset or empty E:\xampp\htdocs\jjyl\ThinkPHP\Library\Think\Model.class.php 第 1015 行.
NOTIC: [8] Undefined index: validate E:\xampp\htdocs\jjyl\ThinkPHP\Library\Think\Model.class.php 第 1185 行.
NOTIC: [8] Undefined index: auto E:\xampp\htdocs\jjyl\ThinkPHP\Library\Think\Model.class.php 第 1128 行.
SQL: SHOW COLUMNS FROM `h_community_hospitals_info` [ RunTime:0.0040s ]
NOTIC: [8] Undefined index: validate E:\xampp\htdocs\jjyl\ThinkPHP\Library\Think\Model.class.php 第 1185 行.
NOTIC: [8] Undefined index: auto E:\xampp\htdocs\jjyl\ThinkPHP\Library\Think\Model.class.php 第 1128 行.
ERR: 1062:Duplicate entry '' for key 'PRIMARY'
 [ SQL语句 ] : INSERT INTO `h_hospital_account_info` (`hospital_account_num`,`hospital_account_password`) VALUES ('123','123')
ERR: 1062:Duplicate entry '' for key 'PRIMARY'
 [ SQL语句 ] : INSERT INTO `h_hospital_account_info` (`hospital_account_num`,`hospital_account_password`) VALUES ('123','123')

[ 2016-12-13T16:29:51+08:00 ] 127.0.0.1 /jjyl/admin.php/HospitalRegister/index
INFO: [ app_begin ] --START--
INFO: Run Behavior\ReadHtmlCacheBehavior [ RunTime:0.001000s ]
INFO: [ app_begin ] --END-- [ RunTime:0.001000s ]
SQL: SHOW COLUMNS FROM `h_hospital_account_info` [ RunTime:0.0040s ]
NOTIC: [2] Illegal offset type in isset or empty E:\xampp\htdocs\jjyl\ThinkPHP\Library\Think\Model.class.php 第 1015 行.
NOTIC: [8] Undefined index: validate E:\xampp\htdocs\jjyl\ThinkPHP\Library\Think\Model.class.php 第 1185 行.
NOTIC: [8] Undefined index: auto E:\xampp\htdocs\jjyl\ThinkPHP\Library\Think\Model.class.php 第 1128 行.
SQL: SHOW COLUMNS FROM `h_community_hospitals_info` [ RunTime:0.0040s ]
NOTIC: [8] Undefined index: validate E:\xampp\htdocs\jjyl\ThinkPHP\Library\Think\Model.class.php 第 1185 行.
NOTIC: [8] Undefined index: auto E:\xampp\htdocs\jjyl\ThinkPHP\Library\Think\Model.class.php 第 1128 行.
SQL: INSERT INTO `h_hospital_account_info` (`hospital_account_num`,`hospital_account_password`) VALUES ('123','123') [ RunTime:0.0920s ]
SQL: INSERT INTO `h_community_hospitals_info` (`community_hospitals_name`) VALUES ('口腔医院') [ RunTime:0.0400s ]
INFO: [ app_end ] --START--
INFO: Run Behavior\ShowPageTraceBehavior [ RunTime:0.001000s ]
INFO: [ app_end ] --END-- [ RunTime:0.001000s ]

[ 2016-12-13T16:29:52+08:00 ] 127.0.0.1 /jjyl/admin.php/HospitalRegister/details
ERR: 非法操作:details

[ 2016-12-13T16:42:44+08:00 ] 127.0.0.1 /jjyl/admin.php/HospitalRegister/index
ERR: 1146:Table 'homecare.h_menu' doesn't exist
 [ SQL语句 ] : SHOW COLUMNS FROM `h_menu`

[ 2016-12-13T16:42:50+08:00 ] 127.0.0.1 /jjyl/admin.php/HospitalRegister/index
ERR: 1146:Table 'homecare.h_menu' doesn't exist
 [ SQL语句 ] : SHOW COLUMNS FROM `h_menu`

[ 2016-12-13T17:00:03+08:00 ] 127.0.0.1 /jjyl/admin.php/HospitalRegister/index
ERR: Think\Model:getMenus方法不存在！

[ 2016-12-13T17:01:23+08:00 ] 127.0.0.1 /jjyl/admin.php/HospitalRegister/index
ERR: Think\Model:getMenus方法不存在！

[ 2016-12-13T17:01:24+08:00 ] 127.0.0.1 /jjyl/admin.php/HospitalRegister/index
ERR: Think\Model:getMenus方法不存在！

[ 2016-12-13T17:03:35+08:00 ] 127.0.0.1 /jjyl/admin.php/HospitalRegister/index
ERR: Think\Model:getHospitalAccountInfo方法不存在！

[ 2016-12-13T17:08:23+08:00 ] 127.0.0.1 /jjyl/admin.php/HospitalRegister/index
ERR: Think\Model:aa方法不存在！

[ 2016-12-13T17:11:53+08:00 ] 127.0.0.1 /jjyl/admin.php/HospitalRegister/index
ERR: Think\Model:getHospitalAccountInfo方法不存在！

[ 2016-12-13T17:46:33+08:00 ] 127.0.0.1 /jjyl/admin.php/HospitalRegister/add
INFO: [ app_begin ] --START--
INFO: Run Behavior\ReadHtmlCacheBehavior [ RunTime:0.000000s ]
INFO: [ app_begin ] --END-- [ RunTime:0.001000s ]
SQL: SHOW COLUMNS FROM `h_hospital_account_info` [ RunTime:0.0050s ]
NOTIC: [2] Illegal offset type in isset or empty E:\xampp\htdocs\jjyl\ThinkPHP\Library\Think\Model.class.php 第 1015 行.
NOTIC: [8] Undefined index: validate E:\xampp\htdocs\jjyl\ThinkPHP\Library\Think\Model.class.php 第 1185 行.
SQL: SHOW COLUMNS FROM `h_community_hospitals_info` [ RunTime:0.0050s ]
NOTIC: [8] Undefined index: validate E:\xampp\htdocs\jjyl\ThinkPHP\Library\Think\Model.class.php 第 1185 行.
INFO: [ view_parse ] --START--
INFO: [ template_filter ] --START--
INFO: Run Behavior\ContentReplaceBehavior [ RunTime:0.000000s ]
INFO: [ template_filter ] --END-- [ RunTime:0.000000s ]
INFO: Run Behavior\ParseTemplateBehavior [ RunTime:0.012001s ]
INFO: [ view_parse ] --END-- [ RunTime:0.012001s ]
INFO: [ view_filter ] --START--
INFO: Run Behavior\WriteHtmlCacheBehavior [ RunTime:0.000000s ]
INFO: [ view_filter ] --END-- [ RunTime:0.000000s ]
INFO: [ app_end ] --START--
INFO: Run Behavior\ShowPageTraceBehavior [ RunTime:0.001000s ]
INFO: [ app_end ] --END-- [ RunTime:0.002000s ]

[ 2016-12-13T17:46:36+08:00 ] 127.0.0.1 /jjyl/admin.php/HospitalRegister/add
INFO: [ app_begin ] --START--
INFO: Run Behavior\ReadHtmlCacheBehavior [ RunTime:0.001000s ]
INFO: [ app_begin ] --END-- [ RunTime:0.001000s ]
SQL: SHOW COLUMNS FROM `h_hospital_account_info` [ RunTime:0.0050s ]
NOTIC: [2] Illegal offset type in isset or empty E:\xampp\htdocs\jjyl\ThinkPHP\Library\Think\Model.class.php 第 1015 行.
NOTIC: [8] Undefined index: validate E:\xampp\htdocs\jjyl\ThinkPHP\Library\Think\Model.class.php 第 1185 行.
SQL: SHOW COLUMNS FROM `h_community_hospitals_info` [ RunTime:0.0050s ]
NOTIC: [8] Undefined index: validate E:\xampp\htdocs\jjyl\ThinkPHP\Library\Think\Model.class.php 第 1185 行.
INFO: [ view_parse ] --START--
INFO: [ template_filter ] --START--
INFO: Run Behavior\ContentReplaceBehavior [ RunTime:0.000000s ]
INFO: [ template_filter ] --END-- [ RunTime:0.000000s ]
INFO: Run Behavior\ParseTemplateBehavior [ RunTime:0.013001s ]
INFO: [ view_parse ] --END-- [ RunTime:0.013001s ]
INFO: [ view_filter ] --START--
INFO: Run Behavior\WriteHtmlCacheBehavior [ RunTime:0.001000s ]
INFO: [ view_filter ] --END-- [ RunTime:0.001000s ]
INFO: [ app_end ] --START--
INFO: Run Behavior\ShowPageTraceBehavior [ RunTime:0.001000s ]
INFO: [ app_end ] --END-- [ RunTime:0.001000s ]

[ 2016-12-13T17:46:36+08:00 ] 127.0.0.1 /jjyl/admin.php/HospitalRegister/add
INFO: [ app_begin ] --START--
INFO: Run Behavior\ReadHtmlCacheBehavior [ RunTime:0.001000s ]
INFO: [ app_begin ] --END-- [ RunTime:0.001000s ]
SQL: SHOW COLUMNS FROM `h_hospital_account_info` [ RunTime:0.0040s ]
NOTIC: [2] Illegal offset type in isset or empty E:\xampp\htdocs\jjyl\ThinkPHP\Library\Think\Model.class.php 第 1015 行.
NOTIC: [8] Undefined index: validate E:\xampp\htdocs\jjyl\ThinkPHP\Library\Think\Model.class.php 第 1185 行.
SQL: SHOW COLUMNS FROM `h_community_hospitals_info` [ RunTime:0.0040s ]
NOTIC: [8] Undefined index: validate E:\xampp\htdocs\jjyl\ThinkPHP\Library\Think\Model.class.php 第 1185 行.
INFO: [ view_parse ] --START--
INFO: [ template_filter ] --START--
INFO: Run Behavior\ContentReplaceBehavior [ RunTime:0.001000s ]
INFO: [ template_filter ] --END-- [ RunTime:0.001000s ]
INFO: Run Behavior\ParseTemplateBehavior [ RunTime:0.012000s ]
INFO: [ view_parse ] --END-- [ RunTime:0.012000s ]
INFO: [ view_filter ] --START--
INFO: Run Behavior\WriteHtmlCacheBehavior [ RunTime:0.001000s ]
INFO: [ view_filter ] --END-- [ RunTime:0.001000s ]
INFO: [ app_end ] --START--
INFO: Run Behavior\ShowPageTraceBehavior [ RunTime:0.001000s ]
INFO: [ app_end ] --END-- [ RunTime:0.001000s ]

[ 2016-12-13T17:46:36+08:00 ] 127.0.0.1 /jjyl/admin.php/HospitalRegister/add
INFO: [ app_begin ] --START--
INFO: Run Behavior\ReadHtmlCacheBehavior [ RunTime:0.001001s ]
INFO: [ app_begin ] --END-- [ RunTime:0.001001s ]
SQL: SHOW COLUMNS FROM `h_hospital_account_info` [ RunTime:0.0050s ]
NOTIC: [2] Illegal offset type in isset or empty E:\xampp\htdocs\jjyl\ThinkPHP\Library\Think\Model.class.php 第 1015 行.
NOTIC: [8] Undefined index: validate E:\xampp\htdocs\jjyl\ThinkPHP\Library\Think\Model.class.php 第 1185 行.
SQL: SHOW COLUMNS FROM `h_community_hospitals_info` [ RunTime:0.0130s ]
NOTIC: [8] Undefined index: validate E:\xampp\htdocs\jjyl\ThinkPHP\Library\Think\Model.class.php 第 1185 行.
INFO: [ view_parse ] --START--
INFO: [ template_filter ] --START--
INFO: Run Behavior\ContentReplaceBehavior [ RunTime:0.001000s ]
INFO: [ template_filter ] --END-- [ RunTime:0.001000s ]
INFO: Run Behavior\ParseTemplateBehavior [ RunTime:0.013001s ]
INFO: [ view_parse ] --END-- [ RunTime:0.013001s ]
INFO: [ view_filter ] --START--
INFO: Run Behavior\WriteHtmlCacheBehavior [ RunTime:0.001000s ]
INFO: [ view_filter ] --END-- [ RunTime:0.001000s ]
INFO: [ app_end ] --START--
INFO: Run Behavior\ShowPageTraceBehavior [ RunTime:0.001000s ]
INFO: [ app_end ] --END-- [ RunTime:0.001000s ]

[ 2016-12-13T17:46:37+08:00 ] 127.0.0.1 /jjyl/admin.php/HospitalRegister/add
INFO: [ app_begin ] --START--
INFO: Run Behavior\ReadHtmlCacheBehavior [ RunTime:0.001000s ]
INFO: [ app_begin ] --END-- [ RunTime:0.001000s ]
SQL: SHOW COLUMNS FROM `h_hospital_account_info` [ RunTime:0.0030s ]
NOTIC: [2] Illegal offset type in isset or empty E:\xampp\htdocs\jjyl\ThinkPHP\Library\Think\Model.class.php 第 1015 行.
NOTIC: [8] Undefined index: validate E:\xampp\htdocs\jjyl\ThinkPHP\Library\Think\Model.class.php 第 1185 行.
SQL: SHOW COLUMNS FROM `h_community_hospitals_info` [ RunTime:0.0050s ]
NOTIC: [8] Undefined index: validate E:\xampp\htdocs\jjyl\ThinkPHP\Library\Think\Model.class.php 第 1185 行.
INFO: [ view_parse ] --START--
INFO: [ template_filter ] --START--
INFO: Run Behavior\ContentReplaceBehavior [ RunTime:0.000000s ]
INFO: [ template_filter ] --END-- [ RunTime:0.001000s ]
INFO: Run Behavior\ParseTemplateBehavior [ RunTime:0.011000s ]
INFO: [ view_parse ] --END-- [ RunTime:0.011000s ]
INFO: [ view_filter ] --START--
INFO: Run Behavior\WriteHtmlCacheBehavior [ RunTime:0.000000s ]
INFO: [ view_filter ] --END-- [ RunTime:0.001000s ]
INFO: [ app_end ] --START--
INFO: Run Behavior\ShowPageTraceBehavior [ RunTime:0.000000s ]
INFO: [ app_end ] --END-- [ RunTime:0.000000s ]

[ 2016-12-13T17:46:42+08:00 ] 127.0.0.1 /jjyl/admin.php/HospitalRegister/add
INFO: [ app_begin ] --START--
INFO: Run Behavior\ReadHtmlCacheBehavior [ RunTime:0.001000s ]
INFO: [ app_begin ] --END-- [ RunTime:0.001000s ]
SQL: SHOW COLUMNS FROM `h_hospital_account_info` [ RunTime:0.0050s ]
NOTIC: [2] Illegal offset type in isset or empty E:\xampp\htdocs\jjyl\ThinkPHP\Library\Think\Model.class.php 第 1015 行.
NOTIC: [8] Undefined index: validate E:\xampp\htdocs\jjyl\ThinkPHP\Library\Think\Model.class.php 第 1185 行.
SQL: SHOW COLUMNS FROM `h_community_hospitals_info` [ RunTime:0.0370s ]
NOTIC: [8] Undefined index: validate E:\xampp\htdocs\jjyl\ThinkPHP\Library\Think\Model.class.php 第 1185 行.
INFO: [ view_parse ] --START--
INFO: [ template_filter ] --START--
INFO: Run Behavior\ContentReplaceBehavior [ RunTime:0.000000s ]
INFO: [ template_filter ] --END-- [ RunTime:0.000000s ]
INFO: Run Behavior\ParseTemplateBehavior [ RunTime:0.014001s ]
INFO: [ view_parse ] --END-- [ RunTime:0.014001s ]
INFO: [ view_filter ] --START--
INFO: Run Behavior\WriteHtmlCacheBehavior [ RunTime:0.001000s ]
INFO: [ view_filter ] --END-- [ RunTime:0.001000s ]
INFO: [ app_end ] --START--
INFO: Run Behavior\ShowPageTraceBehavior [ RunTime:0.001000s ]
INFO: [ app_end ] --END-- [ RunTime:0.001000s ]

[ 2016-12-13T18:02:39+08:00 ] 127.0.0.1 /jjyl/admin.php/HospitalRegister/add
INFO: [ app_begin ] --START--
INFO: Run Behavior\ReadHtmlCacheBehavior [ RunTime:0.001000s ]
INFO: [ app_begin ] --END-- [ RunTime:0.001000s ]
SQL: SHOW COLUMNS FROM `h_hospital_account_info` [ RunTime:0.0050s ]
NOTIC: [2] Illegal offset type in isset or empty E:\xampp\htdocs\jjyl\ThinkPHP\Library\Think\Model.class.php 第 1015 行.
NOTIC: [8] Undefined index: validate E:\xampp\htdocs\jjyl\ThinkPHP\Library\Think\Model.class.php 第 1185 行.
NOTIC: [8] Undefined index: auto E:\xampp\htdocs\jjyl\ThinkPHP\Library\Think\Model.class.php 第 1128 行.
SQL: SHOW COLUMNS FROM `h_community_hospitals_info` [ RunTime:0.0090s ]
NOTIC: [8] Undefined index: validate E:\xampp\htdocs\jjyl\ThinkPHP\Library\Think\Model.class.php 第 1185 行.
NOTIC: [8] Undefined index: auto E:\xampp\htdocs\jjyl\ThinkPHP\Library\Think\Model.class.php 第 1128 行.
SQL: INSERT INTO `h_hospital_account_info` (`hospital_account_num`,`hospital_account_password`) VALUES ('admin','123456') [ RunTime:0.0860s ]
SQL: INSERT INTO `h_community_hospitals_info` (`community_hospitals_name`) VALUES ('口腔医院') [ RunTime:0.0450s ]
INFO: [ app_end ] --START--
INFO: Run Behavior\ShowPageTraceBehavior [ RunTime:0.001000s ]
INFO: [ app_end ] --END-- [ RunTime:0.001000s ]

[ 2016-12-13T18:02:40+08:00 ] 127.0.0.1 /jjyl/admin.php/HospitalRegister/details
ERR: 非法操作:details

[ 2016-12-13T18:35:12+08:00 ] 127.0.0.1 /jjyl/admin.php/Index/shop
ERR: Think\Model:getStoreShopInfos方法不存在！

[ 2016-12-13T18:36:31+08:00 ] 127.0.0.1 /jjyl/admin.php/Menu/index
ERR: 1146:Table 'homecare.h_menu' doesn't exist
 [ SQL语句 ] : SHOW COLUMNS FROM `h_menu`

[ 2016-12-13T19:17:26+08:00 ] 127.0.0.1 /jjyl/admin.php/HospitalRegister/index
ERR: XML标签语法错误 : name='chi' id='vo' $k

[ 2016-12-13T19:17:47+08:00 ] 127.0.0.1 /jjyl/admin.php/HospitalRegister/index
ERR: XML标签语法错误 : name='chi' id='vo' $k

[ 2016-12-13T19:17:48+08:00 ] 127.0.0.1 /jjyl/admin.php/HospitalRegister/index
ERR: XML标签语法错误 : name='chi' id='vo' $k

[ 2016-12-13T19:17:48+08:00 ] 127.0.0.1 /jjyl/admin.php/HospitalRegister/index
ERR: XML标签语法错误 : name='chi' id='vo' $k

[ 2016-12-13T19:17:49+08:00 ] 127.0.0.1 /jjyl/admin.php/HospitalRegister/index
ERR: XML标签语法错误 : name='chi' id='vo' $k

[ 2016-12-13T19:17:49+08:00 ] 127.0.0.1 /jjyl/admin.php/HospitalRegister/index
ERR: XML标签语法错误 : name='chi' id='vo' $k

[ 2016-12-13T19:17:49+08:00 ] 127.0.0.1 /jjyl/admin.php/HospitalRegister/index
ERR: XML标签语法错误 : name='chi' id='vo' $k

[ 2016-12-13T19:17:49+08:00 ] 127.0.0.1 /jjyl/admin.php/HospitalRegister/index
ERR: XML标签语法错误 : name='chi' id='vo' $k

[ 2016-12-13T19:17:49+08:00 ] 127.0.0.1 /jjyl/admin.php/HospitalRegister/index
ERR: XML标签语法错误 : name='chi' id='vo' $k

[ 2016-12-13T19:18:03+08:00 ] 127.0.0.1 /jjyl/admin.php/HospitalRegister/index
ERR: XML标签语法错误 : name='chi' id='vo' $k

[ 2016-12-13T19:18:04+08:00 ] 127.0.0.1 /jjyl/admin.php/HospitalRegister/index
ERR: XML标签语法错误 : name='chi' id='vo' $k

[ 2016-12-13T19:18:05+08:00 ] 127.0.0.1 /jjyl/admin.php/HospitalRegister/index
ERR: XML标签语法错误 : name='chi' id='vo' $k

[ 2016-12-13T19:18:05+08:00 ] 127.0.0.1 /jjyl/admin.php/HospitalRegister/index
ERR: XML标签语法错误 : name='chi' id='vo' $k

[ 2016-12-13T19:18:05+08:00 ] 127.0.0.1 /jjyl/admin.php/HospitalRegister/index
ERR: XML标签语法错误 : name='chi' id='vo' $k

[ 2016-12-13T19:18:05+08:00 ] 127.0.0.1 /jjyl/admin.php/HospitalRegister/index
ERR: XML标签语法错误 : name='chi' id='vo' $k

[ 2016-12-13T19:18:05+08:00 ] 127.0.0.1 /jjyl/admin.php/HospitalRegister/index
ERR: XML标签语法错误 : name='chi' id='vo' $k

[ 2016-12-13T19:18:05+08:00 ] 127.0.0.1 /jjyl/admin.php/HospitalRegister/index
ERR: XML标签语法错误 : name='chi' id='vo' $k

[ 2016-12-13T19:18:06+08:00 ] 127.0.0.1 /jjyl/admin.php/HospitalRegister/index
ERR: XML标签语法错误 : name='chi' id='vo' $k

[ 2016-12-13T19:18:06+08:00 ] 127.0.0.1 /jjyl/admin.php/HospitalRegister/index
ERR: XML标签语法错误 : name='chi' id='vo' $k

[ 2016-12-13T19:18:06+08:00 ] 127.0.0.1 /jjyl/admin.php/HospitalRegister/index
ERR: XML标签语法错误 : name='chi' id='vo' $k

[ 2016-12-13T19:18:06+08:00 ] 127.0.0.1 /jjyl/admin.php/HospitalRegister/index
ERR: XML标签语法错误 : name='chi' id='vo' $k

[ 2016-12-13T19:18:06+08:00 ] 127.0.0.1 /jjyl/admin.php/HospitalRegister/index
ERR: XML标签语法错误 : name='chi' id='vo' $k

[ 2016-12-13T19:18:33+08:00 ] 127.0.0.1 /jjyl/admin.php/HospitalRegister/index
ERR: XML标签语法错误 : name='chi' id='vo' $k

[ 2016-12-13T19:18:34+08:00 ] 127.0.0.1 /jjyl/admin.php/HospitalRegister/index
ERR: XML标签语法错误 : name='chi' id='vo' $k

[ 2016-12-13T19:18:34+08:00 ] 127.0.0.1 /jjyl/admin.php/HospitalRegister/index
ERR: XML标签语法错误 : name='chi' id='vo' $k

[ 2016-12-13T19:18:34+08:00 ] 127.0.0.1 /jjyl/admin.php/HospitalRegister/index
ERR: XML标签语法错误 : name='chi' id='vo' $k

[ 2016-12-13T19:18:34+08:00 ] 127.0.0.1 /jjyl/admin.php/HospitalRegister/index
ERR: XML标签语法错误 : name='chi' id='vo' $k

[ 2016-12-13T19:18:35+08:00 ] 127.0.0.1 /jjyl/admin.php/HospitalRegister/index
ERR: XML标签语法错误 : name='chi' id='vo' $k

[ 2016-12-13T19:18:35+08:00 ] 127.0.0.1 /jjyl/admin.php/HospitalRegister/index
ERR: XML标签语法错误 : name='chi' id='vo' $k

[ 2016-12-13T19:18:35+08:00 ] 127.0.0.1 /jjyl/admin.php/HospitalRegister/index
ERR: XML标签语法错误 : name='chi' id='vo' $k

[ 2016-12-13T19:19:32+08:00 ] 127.0.0.1 /jjyl/admin.php/HospitalRegister/index
ERR: XML标签语法错误 : name='hai' id='voo' key=1

[ 2016-12-13T19:28:07+08:00 ] 127.0.0.1 /jjyl/admin.php/HospitalRegister/add
INFO: [ app_begin ] --START--
INFO: Run Behavior\ReadHtmlCacheBehavior [ RunTime:0.001000s ]
INFO: [ app_begin ] --END-- [ RunTime:0.001000s ]
SQL: SHOW COLUMNS FROM `h_hospital_account_info` [ RunTime:0.0040s ]
NOTIC: [2] Illegal offset type in isset or empty E:\xampp\htdocs\jjyl\ThinkPHP\Library\Think\Model.class.php 第 1015 行.
NOTIC: [8] Undefined index: validate E:\xampp\htdocs\jjyl\ThinkPHP\Library\Think\Model.class.php 第 1185 行.
NOTIC: [8] Undefined index: auto E:\xampp\htdocs\jjyl\ThinkPHP\Library\Think\Model.class.php 第 1128 行.
SQL: SHOW COLUMNS FROM `h_community_hospitals_info` [ RunTime:0.0050s ]
NOTIC: [8] Undefined index: validate E:\xampp\htdocs\jjyl\ThinkPHP\Library\Think\Model.class.php 第 1185 行.
NOTIC: [8] Undefined index: auto E:\xampp\htdocs\jjyl\ThinkPHP\Library\Think\Model.class.php 第 1128 行.
SQL: INSERT INTO `h_hospital_account_info` (`community_hospitals_name`,`hospital_account_num`,`hospital_account_password`) VALUES ('口腔医院','admin','admin') [ RunTime:0.0700s ]
SQL: INSERT INTO `h_community_hospitals_info` (`community_hospitals_name`) VALUES ('口腔医院') [ RunTime:0.0900s ]
INFO: [ app_end ] --START--
INFO: Run Behavior\ShowPageTraceBehavior [ RunTime:0.002001s ]
INFO: [ app_end ] --END-- [ RunTime:0.002001s ]

[ 2016-12-13T19:28:09+08:00 ] 127.0.0.1 /jjyl/admin.php/HospitalRegister/details
ERR: 非法操作:details

